[0.073][INFO]:      ChromeDriver 23.0.1240.0 /Users/ceraj/.virtualenvs/StarCellBio/StarCellBio/StarCellBio/../../chromedriver
[0.991][FINE]:      Initializing session with capabilities {
   "browserName": "chrome",
   "chromeOptions": {
      "args": [  ],
      "binary": "",
      "extensions": [  ]
   },
   "javascriptEnabled": true,
   "platform": "ANY",
   "version": ""
}

[0.992][INFO]:      Launching chrome: /Applications/Google Chrome.app/Contents/MacOS/Google Chrome --enable-logging --log-level=1 --disable-hang-monitor --disable-prompt-on-repost --dom-automation --full-memory-crash-report --no-default-browser-check --no-first-run --disable-background-networking --disable-sync --disable-translate --disable-web-resources --safebrowsing-disable-auto-update --safebrowsing-disable-download-protection --disable-client-side-phishing-detection --disable-component-update --disable-default-apps --use-mock-keychain --ignore-certificate-errors about:blank
[4.069][INFO]:      Connected to Chrome successfully. Version: 23.0.1271.101
[4.072][FINE]:      Command received (/session/8db28f954fc5e76a337d941e8c565ee3)
[4.073][FINE]:      Command finished (/session/8db28f954fc5e76a337d941e8c565ee3) with response {
   "sessionId": "8db28f954fc5e76a337d941e8c565ee3",
   "status": 0,
   "value": {
      "acceptSslCerts": false,
      "applicationCacheEnabled": false,
      "browserConnectionEnabled": false,
      "browserName": "chrome",
      "chrome.chromedriverVersion": "23.0.1240.0",
      "chrome.nativeEvents": false,
      "cssSelectorsEnabled": true,
      "databaseEnabled": false,
      "handlesAlerts": true,
      "javascriptEnabled": true,
      "locationContextEnabled": false,
      "nativeEvents": true,
      "platform": "mac",
      "rotatable": false,
      "takesScreenshot": true,
      "version": "23.0.1271.101",
      "webStorageEnabled": true
   }
}

[6.635][FINE]:      Command received (/session/8db28f954fc5e76a337d941e8c565ee3/url) with params {
   "sessionId": "8db28f954fc5e76a337d941e8c565ee3",
   "url": "http://localhost:8000/static/index.html"
}

[6.635][FINER]:     Waiting for all views to stop loading...
[6.858][FINER]:     Done waiting for all views to stop loading
[8.514][FINER]:     Waiting for all views to stop loading...
[8.515][FINER]:     Done waiting for all views to stop loading
[8.515][FINE]:      Command finished (/session/8db28f954fc5e76a337d941e8c565ee3/url) with response {
   "sessionId": "8db28f954fc5e76a337d941e8c565ee3",
   "status": 0,
   "value": {

   }
}

[8.518][FINE]:      Command received (/session/8db28f954fc5e76a337d941e8c565ee3/element) with params {
   "sessionId": "8db28f954fc5e76a337d941e8c565ee3",
   "using": "id",
   "value": "main"
}

[8.518][FINER]:     Waiting for all views to stop loading...
[8.518][FINER]:     Done waiting for all views to stop loading
[8.541][FINER]:     Waiting for all views to stop loading...
[8.541][FINER]:     Done waiting for all views to stop loading
[8.541][FINE]:      Command finished (/session/8db28f954fc5e76a337d941e8c565ee3/element) with response {
   "sessionId": "8db28f954fc5e76a337d941e8c565ee3",
   "status": 0,
   "value": {
      "ELEMENT": ":wdc:1355953701456"
   }
}

[8.543][FINE]:      Command received (/session/8db28f954fc5e76a337d941e8c565ee3/element/:wdc:1355953701456/name)
[8.543][FINER]:     Waiting for all views to stop loading...
[8.544][FINER]:     Done waiting for all views to stop loading
[8.547][FINER]:     Waiting for all views to stop loading...
[8.547][FINER]:     Done waiting for all views to stop loading
[8.547][FINE]:      Command finished (/session/8db28f954fc5e76a337d941e8c565ee3/element/:wdc:1355953701456/name) with response {
   "sessionId": "8db28f954fc5e76a337d941e8c565ee3",
   "status": 0,
   "value": "div"
}

[8.549][FINE]:      Command received (/session/8db28f954fc5e76a337d941e8c565ee3/elements) with params {
   "sessionId": "8db28f954fc5e76a337d941e8c565ee3",
   "using": "class name",
   "value": "scb_s_assignments_view"
}

[8.549][FINER]:     Waiting for all views to stop loading...
[8.549][FINER]:     Done waiting for all views to stop loading
[8.563][FINER]:     Waiting for all views to stop loading...
[8.563][FINER]:     Done waiting for all views to stop loading
[8.563][FINE]:      Command finished (/session/8db28f954fc5e76a337d941e8c565ee3/elements) with response {
   "sessionId": "8db28f954fc5e76a337d941e8c565ee3",
   "status": 0,
   "value": [ {
      "ELEMENT": ":wdc:1355953701457"
   } ]
}

[8.565][FINE]:      Command received (/session/8db28f954fc5e76a337d941e8c565ee3/elements) with params {
   "sessionId": "8db28f954fc5e76a337d941e8c565ee3",
   "using": "link text",
   "value": "StarCellBio Basic Tests"
}

[8.565][FINER]:     Waiting for all views to stop loading...
[8.566][FINER]:     Done waiting for all views to stop loading
[8.581][FINER]:     Waiting for all views to stop loading...
[8.581][FINER]:     Done waiting for all views to stop loading
[8.581][FINE]:      Command finished (/session/8db28f954fc5e76a337d941e8c565ee3/elements) with response {
   "sessionId": "8db28f954fc5e76a337d941e8c565ee3",
   "status": 0,
   "value": [ {
      "ELEMENT": ":wdc:1355953701458"
   } ]
}

[8.583][FINE]:      Command received (/session/8db28f954fc5e76a337d941e8c565ee3/element/:wdc:1355953701458/name)
[8.583][FINER]:     Waiting for all views to stop loading...
[8.583][FINER]:     Done waiting for all views to stop loading
[8.586][FINER]:     Waiting for all views to stop loading...
[8.587][FINER]:     Done waiting for all views to stop loading
[8.587][FINE]:      Command finished (/session/8db28f954fc5e76a337d941e8c565ee3/element/:wdc:1355953701458/name) with response {
   "sessionId": "8db28f954fc5e76a337d941e8c565ee3",
   "status": 0,
   "value": "a"
}

[8.588][FINE]:      Command received (/session/8db28f954fc5e76a337d941e8c565ee3/element/:wdc:1355953701458/click) with params {
   "id": ":wdc:1355953701458",
   "sessionId": "8db28f954fc5e76a337d941e8c565ee3"
}

[8.588][FINER]:     Waiting for all views to stop loading...
[8.588][FINER]:     Done waiting for all views to stop loading
[8.641][FINER]:     Waiting for all views to stop loading...
[8.676][FINER]:     Done waiting for all views to stop loading
[8.676][FINE]:      Command finished (/session/8db28f954fc5e76a337d941e8c565ee3/element/:wdc:1355953701458/click) with response {
   "sessionId": "8db28f954fc5e76a337d941e8c565ee3",
   "status": 0,
   "value": {

   }
}

[8.677][FINE]:      Command received (/session/8db28f954fc5e76a337d941e8c565ee3/elements) with params {
   "sessionId": "8db28f954fc5e76a337d941e8c565ee3",
   "using": "link text",
   "value": "StarCellBio Basic Tests"
}

[8.677][FINER]:     Waiting for all views to stop loading...
[8.677][FINER]:     Done waiting for all views to stop loading
[8.683][FINER]:     Waiting for all views to stop loading...
[8.683][FINER]:     Done waiting for all views to stop loading
[8.683][FINE]:      Command finished (/session/8db28f954fc5e76a337d941e8c565ee3/elements) with response {
   "sessionId": "8db28f954fc5e76a337d941e8c565ee3",
   "status": 0,
   "value": [ {
      "ELEMENT": ":wdc:1355953701459"
   } ]
}

[8.685][FINE]:      Command received (/session/8db28f954fc5e76a337d941e8c565ee3/element/:wdc:1355953701459/attribute/class)
[8.685][FINER]:     Waiting for all views to stop loading...
[8.685][FINER]:     Done waiting for all views to stop loading
[8.707][FINER]:     Waiting for all views to stop loading...
[8.707][FINER]:     Done waiting for all views to stop loading
[8.707][FINE]:      Command finished (/session/8db28f954fc5e76a337d941e8c565ee3/element/:wdc:1355953701459/attribute/class) with response {
   "sessionId": "8db28f954fc5e76a337d941e8c565ee3",
   "status": 0,
   "value": "scb_s_assignment_sidebar_link scb_f_open_assignment"
}

[8.709][FINE]:      Command received (/session/8db28f954fc5e76a337d941e8c565ee3/elements) with params {
   "sessionId": "8db28f954fc5e76a337d941e8c565ee3",
   "using": "link text",
   "value": "New Experiment"
}

[8.709][FINER]:     Waiting for all views to stop loading...
[8.709][FINER]:     Done waiting for all views to stop loading
[8.724][FINER]:     Waiting for all views to stop loading...
[8.724][FINER]:     Done waiting for all views to stop loading
[8.724][FINE]:      Command finished (/session/8db28f954fc5e76a337d941e8c565ee3/elements) with response {
   "sessionId": "8db28f954fc5e76a337d941e8c565ee3",
   "status": 0,
   "value": [ {
      "ELEMENT": ":wdc:1355953701460"
   } ]
}

[8.726][FINE]:      Command received (/session/8db28f954fc5e76a337d941e8c565ee3/element/:wdc:1355953701460/attribute/href)
[8.726][FINER]:     Waiting for all views to stop loading...
[8.726][FINER]:     Done waiting for all views to stop loading
[8.746][FINER]:     Waiting for all views to stop loading...
[8.746][FINER]:     Done waiting for all views to stop loading
[8.746][FINE]:      Command finished (/session/8db28f954fc5e76a337d941e8c565ee3/element/:wdc:1355953701460/attribute/href) with response {
   "sessionId": "8db28f954fc5e76a337d941e8c565ee3",
   "status": 0,
   "value": "http://localhost:8000/static/index.html#view=experiment_design&assignment_id=basic_tests"
}

[8.748][FINE]:      Command received (/session/8db28f954fc5e76a337d941e8c565ee3/elements) with params {
   "sessionId": "8db28f954fc5e76a337d941e8c565ee3",
   "using": "class name",
   "value": "scb_s_abstract"
}

[8.748][FINER]:     Waiting for all views to stop loading...
[8.749][FINER]:     Done waiting for all views to stop loading
[8.759][FINER]:     Waiting for all views to stop loading...
[8.759][FINER]:     Done waiting for all views to stop loading
[8.759][FINE]:      Command finished (/session/8db28f954fc5e76a337d941e8c565ee3/elements) with response {
   "sessionId": "8db28f954fc5e76a337d941e8c565ee3",
   "status": 0,
   "value": [ {
      "ELEMENT": ":wdc:1355953701461"
   } ]
}

[8.761][FINE]:      Command received (/session/8db28f954fc5e76a337d941e8c565ee3/element/:wdc:1355953701461/text)
[8.761][FINER]:     Waiting for all views to stop loading...
[8.761][FINER]:     Done waiting for all views to stop loading
[8.783][FINER]:     Waiting for all views to stop loading...
[8.783][FINER]:     Done waiting for all views to stop loading
[8.784][FINE]:      Command finished (/session/8db28f954fc5e76a337d941e8c565ee3/element/:wdc:1355953701461/text) with response {
   "sessionId": "8db28f954fc5e76a337d941e8c565ee3",
   "status": 0,
   "value": "StarCellBio Basic Tests\nBiochemical approach to analyzing vulva development in C. elegans."
}

[8.786][FINE]:      Command received (/session/8db28f954fc5e76a337d941e8c565ee3/elements) with params {
   "sessionId": "8db28f954fc5e76a337d941e8c565ee3",
   "using": "link text",
   "value": "StarCellBio Basic Tests"
}

[8.786][FINER]:     Waiting for all views to stop loading...
[8.786][FINER]:     Done waiting for all views to stop loading
[8.790][FINER]:     Waiting for all views to stop loading...
[8.790][FINER]:     Done waiting for all views to stop loading
[8.790][FINE]:      Command finished (/session/8db28f954fc5e76a337d941e8c565ee3/elements) with response {
   "sessionId": "8db28f954fc5e76a337d941e8c565ee3",
   "status": 0,
   "value": [ {
      "ELEMENT": ":wdc:1355953701459"
   } ]
}

[8.792][FINE]:      Command received (/session/8db28f954fc5e76a337d941e8c565ee3/element/:wdc:1355953701459/attribute/class)
[8.792][FINER]:     Waiting for all views to stop loading...
[8.792][FINER]:     Done waiting for all views to stop loading
[8.799][FINER]:     Waiting for all views to stop loading...
[8.799][FINER]:     Done waiting for all views to stop loading
[8.799][FINE]:      Command finished (/session/8db28f954fc5e76a337d941e8c565ee3/element/:wdc:1355953701459/attribute/class) with response {
   "sessionId": "8db28f954fc5e76a337d941e8c565ee3",
   "status": 0,
   "value": "scb_s_assignment_sidebar_link scb_f_open_assignment"
}

[8.801][FINE]:      Command received (/session/8db28f954fc5e76a337d941e8c565ee3/element/:wdc:1355953701459/click) with params {
   "id": ":wdc:1355953701459",
   "sessionId": "8db28f954fc5e76a337d941e8c565ee3"
}

[8.801][FINER]:     Waiting for all views to stop loading...
[8.801][FINER]:     Done waiting for all views to stop loading
[8.860][FINER]:     Waiting for all views to stop loading...
[8.894][FINER]:     Done waiting for all views to stop loading
[8.894][FINE]:      Command finished (/session/8db28f954fc5e76a337d941e8c565ee3/element/:wdc:1355953701459/click) with response {
   "sessionId": "8db28f954fc5e76a337d941e8c565ee3",
   "status": 0,
   "value": {

   }
}

[8.895][FINE]:      Command received (/session/8db28f954fc5e76a337d941e8c565ee3/elements) with params {
   "sessionId": "8db28f954fc5e76a337d941e8c565ee3",
   "using": "class name",
   "value": "scb_s_assignment_view"
}

[8.895][FINER]:     Waiting for all views to stop loading...
[8.896][FINER]:     Done waiting for all views to stop loading
[8.907][FINER]:     Waiting for all views to stop loading...
[8.907][FINER]:     Done waiting for all views to stop loading
[8.907][FINE]:      Command finished (/session/8db28f954fc5e76a337d941e8c565ee3/elements) with response {
   "sessionId": "8db28f954fc5e76a337d941e8c565ee3",
   "status": 0,
   "value": [ {
      "ELEMENT": ":wdc:1355953701462"
   } ]
}

[8.909][FINE]:      Command received (/session/8db28f954fc5e76a337d941e8c565ee3/elements) with params {
   "sessionId": "8db28f954fc5e76a337d941e8c565ee3",
   "using": "link text",
   "value": "Assignments"
}

[8.909][FINER]:     Waiting for all views to stop loading...
[8.909][FINER]:     Done waiting for all views to stop loading
[8.922][FINER]:     Waiting for all views to stop loading...
[8.922][FINER]:     Done waiting for all views to stop loading
[8.922][FINE]:      Command finished (/session/8db28f954fc5e76a337d941e8c565ee3/elements) with response {
   "sessionId": "8db28f954fc5e76a337d941e8c565ee3",
   "status": 0,
   "value": [ {
      "ELEMENT": ":wdc:1355953701463"
   } ]
}

[8.924][FINE]:      Command received (/session/8db28f954fc5e76a337d941e8c565ee3/element/:wdc:1355953701463/click) with params {
   "id": ":wdc:1355953701463",
   "sessionId": "8db28f954fc5e76a337d941e8c565ee3"
}

[8.924][FINER]:     Waiting for all views to stop loading...
[8.924][FINER]:     Done waiting for all views to stop loading
[8.991][FINER]:     Waiting for all views to stop loading...
[9.026][FINER]:     Done waiting for all views to stop loading
[9.026][FINE]:      Command finished (/session/8db28f954fc5e76a337d941e8c565ee3/element/:wdc:1355953701463/click) with response {
   "sessionId": "8db28f954fc5e76a337d941e8c565ee3",
   "status": 0,
   "value": {

   }
}

[9.028][FINE]:      Command received (/session/8db28f954fc5e76a337d941e8c565ee3/elements) with params {
   "sessionId": "8db28f954fc5e76a337d941e8c565ee3",
   "using": "class name",
   "value": "scb_s_assignments_view"
}

[9.028][FINER]:     Waiting for all views to stop loading...
[9.028][FINER]:     Done waiting for all views to stop loading
[9.032][FINER]:     Waiting for all views to stop loading...
[9.033][FINER]:     Done waiting for all views to stop loading
[9.033][FINE]:      Command finished (/session/8db28f954fc5e76a337d941e8c565ee3/elements) with response {
   "sessionId": "8db28f954fc5e76a337d941e8c565ee3",
   "status": 0,
   "value": [ {
      "ELEMENT": ":wdc:1355953701464"
   } ]
}

[9.035][FINE]:      Command received (/session/8db28f954fc5e76a337d941e8c565ee3/elements) with params {
   "sessionId": "8db28f954fc5e76a337d941e8c565ee3",
   "using": "link text",
   "value": "StarCellBio Basic Tests"
}

[9.035][FINER]:     Waiting for all views to stop loading...
[9.035][FINER]:     Done waiting for all views to stop loading
[9.041][FINER]:     Waiting for all views to stop loading...
[9.041][FINER]:     Done waiting for all views to stop loading
[9.041][FINE]:      Command finished (/session/8db28f954fc5e76a337d941e8c565ee3/elements) with response {
   "sessionId": "8db28f954fc5e76a337d941e8c565ee3",
   "status": 0,
   "value": [ {
      "ELEMENT": ":wdc:1355953701465"
   } ]
}

[9.043][FINE]:      Command received (/session/8db28f954fc5e76a337d941e8c565ee3/element/:wdc:1355953701465/attribute/class)
[9.043][FINER]:     Waiting for all views to stop loading...
[9.043][FINER]:     Done waiting for all views to stop loading
[9.064][FINER]:     Waiting for all views to stop loading...
[9.064][FINER]:     Done waiting for all views to stop loading
[9.064][FINE]:      Command finished (/session/8db28f954fc5e76a337d941e8c565ee3/element/:wdc:1355953701465/attribute/class) with response {
   "sessionId": "8db28f954fc5e76a337d941e8c565ee3",
   "status": 0,
   "value": "scb_s_assignment_sidebar_link scb_f_open_assignment"
}

[9.066][FINE]:      Command received (/session/8db28f954fc5e76a337d941e8c565ee3/element/:wdc:1355953701465/click) with params {
   "id": ":wdc:1355953701465",
   "sessionId": "8db28f954fc5e76a337d941e8c565ee3"
}

[9.066][FINER]:     Waiting for all views to stop loading...
[9.066][FINER]:     Done waiting for all views to stop loading
[9.111][FINER]:     Waiting for all views to stop loading...
[9.144][FINER]:     Done waiting for all views to stop loading
[9.144][FINE]:      Command finished (/session/8db28f954fc5e76a337d941e8c565ee3/element/:wdc:1355953701465/click) with response {
   "sessionId": "8db28f954fc5e76a337d941e8c565ee3",
   "status": 0,
   "value": {

   }
}

[9.145][FINE]:      Command received (/session/8db28f954fc5e76a337d941e8c565ee3/elements) with params {
   "sessionId": "8db28f954fc5e76a337d941e8c565ee3",
   "using": "class name",
   "value": "scb_s_assignment_view"
}

[9.145][FINER]:     Waiting for all views to stop loading...
[9.146][FINER]:     Done waiting for all views to stop loading
[9.149][FINER]:     Waiting for all views to stop loading...
[9.149][FINER]:     Done waiting for all views to stop loading
[9.149][FINE]:      Command finished (/session/8db28f954fc5e76a337d941e8c565ee3/elements) with response {
   "sessionId": "8db28f954fc5e76a337d941e8c565ee3",
   "status": 0,
   "value": [ {
      "ELEMENT": ":wdc:1355953701466"
   } ]
}

[9.151][FINE]:      Command received (/session/8db28f954fc5e76a337d941e8c565ee3/elements) with params {
   "sessionId": "8db28f954fc5e76a337d941e8c565ee3",
   "using": "class name",
   "value": "scb_f_open_assignment_experiment"
}

[9.151][FINER]:     Waiting for all views to stop loading...
[9.151][FINER]:     Done waiting for all views to stop loading
[9.161][FINER]:     Waiting for all views to stop loading...
[9.161][FINER]:     Done waiting for all views to stop loading
[9.161][FINE]:      Command finished (/session/8db28f954fc5e76a337d941e8c565ee3/elements) with response {
   "sessionId": "8db28f954fc5e76a337d941e8c565ee3",
   "status": 0,
   "value": [  ]
}

[9.163][FINE]:      Command received (/session/8db28f954fc5e76a337d941e8c565ee3/elements) with params {
   "sessionId": "8db28f954fc5e76a337d941e8c565ee3",
   "using": "link text",
   "value": "New Experiment"
}

[9.163][FINER]:     Waiting for all views to stop loading...
[9.163][FINER]:     Done waiting for all views to stop loading
[9.168][FINER]:     Waiting for all views to stop loading...
[9.168][FINER]:     Done waiting for all views to stop loading
[9.168][FINE]:      Command finished (/session/8db28f954fc5e76a337d941e8c565ee3/elements) with response {
   "sessionId": "8db28f954fc5e76a337d941e8c565ee3",
   "status": 0,
   "value": [ {
      "ELEMENT": ":wdc:1355953701467"
   } ]
}

[9.170][FINE]:      Command received (/session/8db28f954fc5e76a337d941e8c565ee3/element/:wdc:1355953701467/click) with params {
   "id": ":wdc:1355953701467",
   "sessionId": "8db28f954fc5e76a337d941e8c565ee3"
}

[9.170][FINER]:     Waiting for all views to stop loading...
[9.170][FINER]:     Done waiting for all views to stop loading
[9.243][FINER]:     Waiting for all views to stop loading...
[9.326][FINER]:     Done waiting for all views to stop loading
[9.326][FINE]:      Command finished (/session/8db28f954fc5e76a337d941e8c565ee3/element/:wdc:1355953701467/click) with response {
   "sessionId": "8db28f954fc5e76a337d941e8c565ee3",
   "status": 0,
   "value": {

   }
}

[9.328][FINE]:      Command received (/session/8db28f954fc5e76a337d941e8c565ee3/elements) with params {
   "sessionId": "8db28f954fc5e76a337d941e8c565ee3",
   "using": "class name",
   "value": "scb_s_experiment_design_view"
}

[9.328][FINER]:     Waiting for all views to stop loading...
[9.341][FINER]:     Done waiting for all views to stop loading
[9.351][FINER]:     Waiting for all views to stop loading...
[9.352][FINER]:     Done waiting for all views to stop loading
[9.352][FINE]:      Command finished (/session/8db28f954fc5e76a337d941e8c565ee3/elements) with response {
   "sessionId": "8db28f954fc5e76a337d941e8c565ee3",
   "status": 0,
   "value": [ {
      "ELEMENT": ":wdc:1355953701468"
   } ]
}

[9.353][FINE]:      Command received (/session/8db28f954fc5e76a337d941e8c565ee3/elements) with params {
   "sessionId": "8db28f954fc5e76a337d941e8c565ee3",
   "using": "class name",
   "value": "scb_s_experiment_name_edit"
}

[9.353][FINER]:     Waiting for all views to stop loading...
[9.353][FINER]:     Done waiting for all views to stop loading
[9.364][FINER]:     Waiting for all views to stop loading...
[9.364][FINER]:     Done waiting for all views to stop loading
[9.364][FINE]:      Command finished (/session/8db28f954fc5e76a337d941e8c565ee3/elements) with response {
   "sessionId": "8db28f954fc5e76a337d941e8c565ee3",
   "status": 0,
   "value": [ {
      "ELEMENT": ":wdc:1355953701469"
   } ]
}

[9.366][FINE]:      Command received (/session/8db28f954fc5e76a337d941e8c565ee3/elements) with params {
   "sessionId": "8db28f954fc5e76a337d941e8c565ee3",
   "using": "class name",
   "value": "scb_s_experiment_design_hypothesis"
}

[9.366][FINER]:     Waiting for all views to stop loading...
[9.366][FINER]:     Done waiting for all views to stop loading
[9.377][FINER]:     Waiting for all views to stop loading...
[9.377][FINER]:     Done waiting for all views to stop loading
[9.377][FINE]:      Command finished (/session/8db28f954fc5e76a337d941e8c565ee3/elements) with response {
   "sessionId": "8db28f954fc5e76a337d941e8c565ee3",
   "status": 0,
   "value": [ {
      "ELEMENT": ":wdc:1355953701470"
   } ]
}

[9.379][FINE]:      Command received (/session/8db28f954fc5e76a337d941e8c565ee3/element/:wdc:1355953701469/clear) with params {
   "id": ":wdc:1355953701469",
   "sessionId": "8db28f954fc5e76a337d941e8c565ee3"
}

[9.379][FINER]:     Waiting for all views to stop loading...
[9.379][FINER]:     Done waiting for all views to stop loading
[9.417][FINER]:     Waiting for all views to stop loading...
[9.418][FINER]:     Done waiting for all views to stop loading
[9.418][FINE]:      Command finished (/session/8db28f954fc5e76a337d941e8c565ee3/element/:wdc:1355953701469/clear) with response {
   "sessionId": "8db28f954fc5e76a337d941e8c565ee3",
   "status": 0,
   "value": null
}

[9.420][FINE]:      Command received (/session/8db28f954fc5e76a337d941e8c565ee3/element/:wdc:1355953701469/value) with params {
   "id": ":wdc:1355953701469",
   "sessionId": "8db28f954fc5e76a337d941e8c565ee3",
   "value": [ "T", "e", "s", "t", " ", "E", "x", "p", "e", "r", "i", "m", "e", "n", "t", " ", "1", "2" ]
}

[9.420][FINER]:     Waiting for all views to stop loading...
[9.420][FINER]:     Done waiting for all views to stop loading
[9.774][FINER]:     Waiting for all views to stop loading...
[9.774][FINER]:     Done waiting for all views to stop loading
[9.775][FINE]:      Command finished (/session/8db28f954fc5e76a337d941e8c565ee3/element/:wdc:1355953701469/value) with response {
   "sessionId": "8db28f954fc5e76a337d941e8c565ee3",
   "status": 0,
   "value": {

   }
}

[9.776][FINE]:      Command received (/session/8db28f954fc5e76a337d941e8c565ee3/element/:wdc:1355953701469/value) with params {
   "id": ":wdc:1355953701469",
   "sessionId": "8db28f954fc5e76a337d941e8c565ee3",
   "value": [ "\n" ]
}

[9.776][FINER]:     Waiting for all views to stop loading...
[9.776][FINER]:     Done waiting for all views to stop loading
[9.796][FINER]:     Waiting for all views to stop loading...
[9.797][FINER]:     Done waiting for all views to stop loading
[9.797][FINE]:      Command finished (/session/8db28f954fc5e76a337d941e8c565ee3/element/:wdc:1355953701469/value) with response {
   "sessionId": "8db28f954fc5e76a337d941e8c565ee3",
   "status": 0,
   "value": {

   }
}

[9.798][FINE]:      Command received (/session/8db28f954fc5e76a337d941e8c565ee3/element/:wdc:1355953701470/clear) with params {
   "id": ":wdc:1355953701470",
   "sessionId": "8db28f954fc5e76a337d941e8c565ee3"
}

[9.798][FINER]:     Waiting for all views to stop loading...
[9.798][FINER]:     Done waiting for all views to stop loading
[9.820][FINER]:     Waiting for all views to stop loading...
[9.820][FINER]:     Done waiting for all views to stop loading
[9.820][FINE]:      Command finished (/session/8db28f954fc5e76a337d941e8c565ee3/element/:wdc:1355953701470/clear) with response {
   "sessionId": "8db28f954fc5e76a337d941e8c565ee3",
   "status": 0,
   "value": null
}

[9.822][FINE]:      Command received (/session/8db28f954fc5e76a337d941e8c565ee3/element/:wdc:1355953701470/value) with params {
   "id": ":wdc:1355953701470",
   "sessionId": "8db28f954fc5e76a337d941e8c565ee3",
   "value": [ "S", "a", "m", "p", "l", "e", " ", "h", "y", "p", "o", "t", "h", "e", "s", "i", "s", " ", "A", "B", "C" ]
}

[9.822][FINER]:     Waiting for all views to stop loading...
[9.822][FINER]:     Done waiting for all views to stop loading
[10.242][FINER]:    Waiting for all views to stop loading...
[10.242][FINER]:    Done waiting for all views to stop loading
[10.242][FINE]:     Command finished (/session/8db28f954fc5e76a337d941e8c565ee3/element/:wdc:1355953701470/value) with response {
   "sessionId": "8db28f954fc5e76a337d941e8c565ee3",
   "status": 0,
   "value": {

   }
}

[10.244][FINE]:     Command received (/session/8db28f954fc5e76a337d941e8c565ee3/element/:wdc:1355953701470/value) with params {
   "id": ":wdc:1355953701470",
   "sessionId": "8db28f954fc5e76a337d941e8c565ee3",
   "value": [ "\n" ]
}

[10.244][FINER]:    Waiting for all views to stop loading...
[10.244][FINER]:    Done waiting for all views to stop loading
[10.265][FINER]:    Waiting for all views to stop loading...
[10.265][FINER]:    Done waiting for all views to stop loading
[10.265][FINE]:     Command finished (/session/8db28f954fc5e76a337d941e8c565ee3/element/:wdc:1355953701470/value) with response {
   "sessionId": "8db28f954fc5e76a337d941e8c565ee3",
   "status": 0,
   "value": {

   }
}

[10.267][FINE]:     Command received (/session/8db28f954fc5e76a337d941e8c565ee3/elements) with params {
   "sessionId": "8db28f954fc5e76a337d941e8c565ee3",
   "using": "link text",
   "value": "Assignment"
}

[10.267][FINER]:    Waiting for all views to stop loading...
[10.268][FINER]:    Done waiting for all views to stop loading
[10.280][FINER]:    Waiting for all views to stop loading...
[10.280][FINER]:    Done waiting for all views to stop loading
[10.280][FINE]:     Command finished (/session/8db28f954fc5e76a337d941e8c565ee3/elements) with response {
   "sessionId": "8db28f954fc5e76a337d941e8c565ee3",
   "status": 0,
   "value": [ {
      "ELEMENT": ":wdc:1355953701471"
   } ]
}

[10.282][FINE]:     Command received (/session/8db28f954fc5e76a337d941e8c565ee3/element/:wdc:1355953701471/click) with params {
   "id": ":wdc:1355953701471",
   "sessionId": "8db28f954fc5e76a337d941e8c565ee3"
}

[10.282][FINER]:    Waiting for all views to stop loading...
[10.282][FINER]:    Done waiting for all views to stop loading
[10.344][FINER]:    Waiting for all views to stop loading...
[10.361][FINER]:    Done waiting for all views to stop loading
[10.361][FINE]:     Command finished (/session/8db28f954fc5e76a337d941e8c565ee3/element/:wdc:1355953701471/click) with response {
   "sessionId": "8db28f954fc5e76a337d941e8c565ee3",
   "status": 0,
   "value": {

   }
}

[10.363][FINE]:     Command received (/session/8db28f954fc5e76a337d941e8c565ee3/elements) with params {
   "sessionId": "8db28f954fc5e76a337d941e8c565ee3",
   "using": "class name",
   "value": "scb_s_assignment_view"
}

[10.363][FINER]:    Waiting for all views to stop loading...
[10.363][FINER]:    Done waiting for all views to stop loading
[10.366][FINER]:    Waiting for all views to stop loading...
[10.366][FINER]:    Done waiting for all views to stop loading
[10.366][FINE]:     Command finished (/session/8db28f954fc5e76a337d941e8c565ee3/elements) with response {
   "sessionId": "8db28f954fc5e76a337d941e8c565ee3",
   "status": 0,
   "value": [ {
      "ELEMENT": ":wdc:1355953701472"
   } ]
}

[10.368][FINE]:     Command received (/session/8db28f954fc5e76a337d941e8c565ee3/elements) with params {
   "sessionId": "8db28f954fc5e76a337d941e8c565ee3",
   "using": "class name",
   "value": "scb_f_open_assignment_experiment"
}

[10.368][FINER]:    Waiting for all views to stop loading...
[10.368][FINER]:    Done waiting for all views to stop loading
[10.372][FINER]:    Waiting for all views to stop loading...
[10.372][FINER]:    Done waiting for all views to stop loading
[10.372][FINE]:     Command finished (/session/8db28f954fc5e76a337d941e8c565ee3/elements) with response {
   "sessionId": "8db28f954fc5e76a337d941e8c565ee3",
   "status": 0,
   "value": [ {
      "ELEMENT": ":wdc:1355953701473"
   } ]
}

[10.373][FINE]:     Command received (/session/8db28f954fc5e76a337d941e8c565ee3/element/:wdc:1355953701473/text)
[10.373][FINER]:    Waiting for all views to stop loading...
[10.374][FINER]:    Done waiting for all views to stop loading
[10.397][FINER]:    Waiting for all views to stop loading...
[10.397][FINER]:    Done waiting for all views to stop loading
[10.397][FINE]:     Command finished (/session/8db28f954fc5e76a337d941e8c565ee3/element/:wdc:1355953701473/text) with response {
   "sessionId": "8db28f954fc5e76a337d941e8c565ee3",
   "status": 0,
   "value": "Test Experiment 12"
}

[10.399][FINE]:     Command received (/session/8db28f954fc5e76a337d941e8c565ee3/elements) with params {
   "sessionId": "8db28f954fc5e76a337d941e8c565ee3",
   "using": "link text",
   "value": "Test Experiment 12"
}

[10.399][FINER]:    Waiting for all views to stop loading...
[10.399][FINER]:    Done waiting for all views to stop loading
[10.411][FINER]:    Waiting for all views to stop loading...
[10.412][FINER]:    Done waiting for all views to stop loading
[10.412][FINE]:     Command finished (/session/8db28f954fc5e76a337d941e8c565ee3/elements) with response {
   "sessionId": "8db28f954fc5e76a337d941e8c565ee3",
   "status": 0,
   "value": [ {
      "ELEMENT": ":wdc:1355953701473"
   } ]
}

[10.413][FINE]:     Command received (/session/8db28f954fc5e76a337d941e8c565ee3/element/:wdc:1355953701473/click) with params {
   "id": ":wdc:1355953701473",
   "sessionId": "8db28f954fc5e76a337d941e8c565ee3"
}

[10.413][FINER]:    Waiting for all views to stop loading...
[10.413][FINER]:    Done waiting for all views to stop loading
[10.478][FINER]:    Waiting for all views to stop loading...
[10.512][FINER]:    Done waiting for all views to stop loading
[10.512][FINE]:     Command finished (/session/8db28f954fc5e76a337d941e8c565ee3/element/:wdc:1355953701473/click) with response {
   "sessionId": "8db28f954fc5e76a337d941e8c565ee3",
   "status": 0,
   "value": {

   }
}

[10.514][FINE]:     Command received (/session/8db28f954fc5e76a337d941e8c565ee3/elements) with params {
   "sessionId": "8db28f954fc5e76a337d941e8c565ee3",
   "using": "class name",
   "value": "scb_s_experiment_design_view"
}

[10.514][FINER]:    Waiting for all views to stop loading...
[10.514][FINER]:    Done waiting for all views to stop loading
[10.528][FINER]:    Waiting for all views to stop loading...
[10.528][FINER]:    Done waiting for all views to stop loading
[10.528][FINE]:     Command finished (/session/8db28f954fc5e76a337d941e8c565ee3/elements) with response {
   "sessionId": "8db28f954fc5e76a337d941e8c565ee3",
   "status": 0,
   "value": [ {
      "ELEMENT": ":wdc:1355953701474"
   } ]
}

[10.530][FINE]:     Command received (/session/8db28f954fc5e76a337d941e8c565ee3/elements) with params {
   "sessionId": "8db28f954fc5e76a337d941e8c565ee3",
   "using": "class name",
   "value": "scb_s_experiment_name_edit"
}

[10.530][FINER]:    Waiting for all views to stop loading...
[10.530][FINER]:    Done waiting for all views to stop loading
[10.533][FINER]:    Waiting for all views to stop loading...
[10.534][FINER]:    Done waiting for all views to stop loading
[10.534][FINE]:     Command finished (/session/8db28f954fc5e76a337d941e8c565ee3/elements) with response {
   "sessionId": "8db28f954fc5e76a337d941e8c565ee3",
   "status": 0,
   "value": [ {
      "ELEMENT": ":wdc:1355953701475"
   } ]
}

[10.535][FINE]:     Command received (/session/8db28f954fc5e76a337d941e8c565ee3/elements) with params {
   "sessionId": "8db28f954fc5e76a337d941e8c565ee3",
   "using": "class name",
   "value": "scb_s_experiment_design_hypothesis"
}

[10.535][FINER]:    Waiting for all views to stop loading...
[10.536][FINER]:    Done waiting for all views to stop loading
[10.539][FINER]:    Waiting for all views to stop loading...
[10.539][FINER]:    Done waiting for all views to stop loading
[10.539][FINE]:     Command finished (/session/8db28f954fc5e76a337d941e8c565ee3/elements) with response {
   "sessionId": "8db28f954fc5e76a337d941e8c565ee3",
   "status": 0,
   "value": [ {
      "ELEMENT": ":wdc:1355953701476"
   } ]
}

[10.540][FINE]:     Command received (/session/8db28f954fc5e76a337d941e8c565ee3/element/:wdc:1355953701475/attribute/value)
[10.540][FINER]:    Waiting for all views to stop loading...
[10.540][FINER]:    Done waiting for all views to stop loading
[10.560][FINER]:    Waiting for all views to stop loading...
[10.561][FINER]:    Done waiting for all views to stop loading
[10.561][FINE]:     Command finished (/session/8db28f954fc5e76a337d941e8c565ee3/element/:wdc:1355953701475/attribute/value) with response {
   "sessionId": "8db28f954fc5e76a337d941e8c565ee3",
   "status": 0,
   "value": "Test Experiment 12"
}

[10.562][FINE]:     Command received (/session/8db28f954fc5e76a337d941e8c565ee3/element/:wdc:1355953701476/text)
[10.562][FINER]:    Waiting for all views to stop loading...
[10.563][FINER]:    Done waiting for all views to stop loading
[10.584][FINER]:    Waiting for all views to stop loading...
[10.584][FINER]:    Done waiting for all views to stop loading
[10.584][FINE]:     Command finished (/session/8db28f954fc5e76a337d941e8c565ee3/element/:wdc:1355953701476/text) with response {
   "sessionId": "8db28f954fc5e76a337d941e8c565ee3",
   "status": 0,
   "value": "Sample hypothesis ABC"
}

[10.586][FINE]:     Command received (/session/8db28f954fc5e76a337d941e8c565ee3/elements) with params {
   "sessionId": "8db28f954fc5e76a337d941e8c565ee3",
   "using": "link text",
   "value": "Experiment setup"
}

[10.586][FINER]:    Waiting for all views to stop loading...
[10.586][FINER]:    Done waiting for all views to stop loading
[10.598][FINER]:    Waiting for all views to stop loading...
[10.598][FINER]:    Done waiting for all views to stop loading
[10.598][FINE]:     Command finished (/session/8db28f954fc5e76a337d941e8c565ee3/elements) with response {
   "sessionId": "8db28f954fc5e76a337d941e8c565ee3",
   "status": 0,
   "value": [ {
      "ELEMENT": ":wdc:1355953701477"
   } ]
}

[10.602][FINE]:     Command received (/session/8db28f954fc5e76a337d941e8c565ee3/element/:wdc:1355953701477/click) with params {
   "id": ":wdc:1355953701477",
   "sessionId": "8db28f954fc5e76a337d941e8c565ee3"
}

[10.602][FINER]:    Waiting for all views to stop loading...
[10.602][FINER]:    Done waiting for all views to stop loading
[10.649][FINER]:    Waiting for all views to stop loading...
[10.650][FINER]:    Done waiting for all views to stop loading
[10.650][FINE]:     Command finished (/session/8db28f954fc5e76a337d941e8c565ee3/element/:wdc:1355953701477/click) with response {
   "sessionId": "8db28f954fc5e76a337d941e8c565ee3",
   "status": 0,
   "value": {

   }
}

[10.652][FINE]:     Command received (/session/8db28f954fc5e76a337d941e8c565ee3/elements) with params {
   "sessionId": "8db28f954fc5e76a337d941e8c565ee3",
   "using": "class name",
   "value": "scb_s_experiment_setup_view"
}

[10.652][FINER]:    Waiting for all views to stop loading...
[10.662][FINER]:    Done waiting for all views to stop loading
[10.688][FINER]:    Waiting for all views to stop loading...
[10.688][FINER]:    Done waiting for all views to stop loading
[10.688][FINE]:     Command finished (/session/8db28f954fc5e76a337d941e8c565ee3/elements) with response {
   "sessionId": "8db28f954fc5e76a337d941e8c565ee3",
   "status": 0,
   "value": [ {
      "ELEMENT": ":wdc:1355953701478"
   } ]
}

[10.690][FINE]:     Command received (/session/8db28f954fc5e76a337d941e8c565ee3/elements) with params {
   "sessionId": "8db28f954fc5e76a337d941e8c565ee3",
   "using": "class name",
   "value": "scb_s_experiment_setup_table_editable"
}

[10.690][FINER]:    Waiting for all views to stop loading...
[10.690][FINER]:    Done waiting for all views to stop loading
[10.700][FINER]:    Waiting for all views to stop loading...
[10.701][FINER]:    Done waiting for all views to stop loading
[10.701][FINE]:     Command finished (/session/8db28f954fc5e76a337d941e8c565ee3/elements) with response {
   "sessionId": "8db28f954fc5e76a337d941e8c565ee3",
   "status": 0,
   "value": [ {
      "ELEMENT": ":wdc:1355953701479"
   } ]
}

[10.702][FINE]:     Command received (/session/8db28f954fc5e76a337d941e8c565ee3/elements) with params {
   "sessionId": "8db28f954fc5e76a337d941e8c565ee3",
   "using": "class name",
   "value": "scb_s_experiment_setup_table_row"
}

[10.702][FINER]:    Waiting for all views to stop loading...
[10.703][FINER]:    Done waiting for all views to stop loading
[10.713][FINER]:    Waiting for all views to stop loading...
[10.713][FINER]:    Done waiting for all views to stop loading
[10.713][FINE]:     Command finished (/session/8db28f954fc5e76a337d941e8c565ee3/elements) with response {
   "sessionId": "8db28f954fc5e76a337d941e8c565ee3",
   "status": 0,
   "value": [  ]
}

[10.715][FINE]:     Command received (/session/8db28f954fc5e76a337d941e8c565ee3/elements) with params {
   "sessionId": "8db28f954fc5e76a337d941e8c565ee3",
   "using": "class name",
   "value": "scb_f_experiment_setup_action_open_add_samples_dialog"
}

[10.715][FINER]:    Waiting for all views to stop loading...
[10.715][FINER]:    Done waiting for all views to stop loading
[10.725][FINER]:    Waiting for all views to stop loading...
[10.726][FINER]:    Done waiting for all views to stop loading
[10.726][FINE]:     Command finished (/session/8db28f954fc5e76a337d941e8c565ee3/elements) with response {
   "sessionId": "8db28f954fc5e76a337d941e8c565ee3",
   "status": 0,
   "value": [ {
      "ELEMENT": ":wdc:1355953701480"
   } ]
}

[10.728][FINE]:     Command received (/session/8db28f954fc5e76a337d941e8c565ee3/element/:wdc:1355953701480/click) with params {
   "id": ":wdc:1355953701480",
   "sessionId": "8db28f954fc5e76a337d941e8c565ee3"
}

[10.728][FINER]:    Waiting for all views to stop loading...
[10.728][FINER]:    Done waiting for all views to stop loading
[10.776][FINER]:    Waiting for all views to stop loading...
[10.776][FINER]:    Done waiting for all views to stop loading
[10.776][FINE]:     Command finished (/session/8db28f954fc5e76a337d941e8c565ee3/element/:wdc:1355953701480/click) with response {
   "sessionId": "8db28f954fc5e76a337d941e8c565ee3",
   "status": 0,
   "value": {

   }
}

[10.778][FINE]:     Command received (/session/8db28f954fc5e76a337d941e8c565ee3/elements) with params {
   "sessionId": "8db28f954fc5e76a337d941e8c565ee3",
   "using": "class name",
   "value": "scb_s_experiment_setup_table_add_samples_dialog"
}

[10.778][FINER]:    Waiting for all views to stop loading...
[10.778][FINER]:    Done waiting for all views to stop loading
[10.795][FINER]:    Waiting for all views to stop loading...
[10.796][FINER]:    Done waiting for all views to stop loading
[10.796][FINE]:     Command finished (/session/8db28f954fc5e76a337d941e8c565ee3/elements) with response {
   "sessionId": "8db28f954fc5e76a337d941e8c565ee3",
   "status": 0,
   "value": [ {
      "ELEMENT": ":wdc:1355953701481"
   } ]
}

[10.798][FINE]:     Command received (/session/8db28f954fc5e76a337d941e8c565ee3/elements) with params {
   "sessionId": "8db28f954fc5e76a337d941e8c565ee3",
   "using": "class name",
   "value": "scb_s_experiment_setup_dialog_cell_lines_select_option"
}

[10.798][FINER]:    Waiting for all views to stop loading...
[10.801][FINER]:    Done waiting for all views to stop loading
[10.811][FINER]:    Waiting for all views to stop loading...
[10.811][FINER]:    Done waiting for all views to stop loading
[10.811][FINE]:     Command finished (/session/8db28f954fc5e76a337d941e8c565ee3/elements) with response {
   "sessionId": "8db28f954fc5e76a337d941e8c565ee3",
   "status": 0,
   "value": [ {
      "ELEMENT": ":wdc:1355953701482"
   }, {
      "ELEMENT": ":wdc:1355953701483"
   } ]
}

[10.813][FINE]:     Command received (/session/8db28f954fc5e76a337d941e8c565ee3/element/:wdc:1355953701482/attribute/value)
[10.813][FINER]:    Waiting for all views to stop loading...
[10.813][FINER]:    Done waiting for all views to stop loading
[10.832][FINER]:    Waiting for all views to stop loading...
[10.833][FINER]:    Done waiting for all views to stop loading
[10.833][FINE]:     Command finished (/session/8db28f954fc5e76a337d941e8c565ee3/element/:wdc:1355953701482/attribute/value) with response {
   "sessionId": "8db28f954fc5e76a337d941e8c565ee3",
   "status": 0,
   "value": "wt"
}

[10.834][FINE]:     Command received (/session/8db28f954fc5e76a337d941e8c565ee3/element/:wdc:1355953701483/attribute/value)
[10.835][FINER]:    Waiting for all views to stop loading...
[10.835][FINER]:    Done waiting for all views to stop loading
[10.883][FINER]:    Waiting for all views to stop loading...
[10.884][FINER]:    Done waiting for all views to stop loading
[10.884][FINE]:     Command finished (/session/8db28f954fc5e76a337d941e8c565ee3/element/:wdc:1355953701483/attribute/value) with response {
   "sessionId": "8db28f954fc5e76a337d941e8c565ee3",
   "status": 0,
   "value": "m1"
}

[10.886][FINE]:     Command received (/session/8db28f954fc5e76a337d941e8c565ee3/element/:wdc:1355953701482/click) with params {
   "id": ":wdc:1355953701482",
   "sessionId": "8db28f954fc5e76a337d941e8c565ee3"
}

[10.886][FINER]:    Waiting for all views to stop loading...
[10.886][FINER]:    Done waiting for all views to stop loading
[10.925][FINER]:    Waiting for all views to stop loading...
[10.925][FINER]:    Done waiting for all views to stop loading
[10.925][FINE]:     Command finished (/session/8db28f954fc5e76a337d941e8c565ee3/element/:wdc:1355953701482/click) with response {
   "sessionId": "8db28f954fc5e76a337d941e8c565ee3",
   "status": 0,
   "value": {

   }
}

[10.927][FINE]:     Command received (/session/8db28f954fc5e76a337d941e8c565ee3/elements) with params {
   "sessionId": "8db28f954fc5e76a337d941e8c565ee3",
   "using": "class name",
   "value": "scb_s_experiment_setup_dialog_treatments_select_option"
}

[10.927][FINER]:    Waiting for all views to stop loading...
[10.927][FINER]:    Done waiting for all views to stop loading
[10.945][FINER]:    Waiting for all views to stop loading...
[10.945][FINER]:    Done waiting for all views to stop loading
[10.945][FINE]:     Command finished (/session/8db28f954fc5e76a337d941e8c565ee3/elements) with response {
   "sessionId": "8db28f954fc5e76a337d941e8c565ee3",
   "status": 0,
   "value": [ {
      "ELEMENT": ":wdc:1355953701484"
   }, {
      "ELEMENT": ":wdc:1355953701485"
   }, {
      "ELEMENT": ":wdc:1355953701486"
   }, {
      "ELEMENT": ":wdc:1355953701487"
   }, {
      "ELEMENT": ":wdc:1355953701488"
   }, {
      "ELEMENT": ":wdc:1355953701489"
   } ]
}

[10.947][FINE]:     Command received (/session/8db28f954fc5e76a337d941e8c565ee3/element/:wdc:1355953701484/attribute/value)
[10.947][FINER]:    Waiting for all views to stop loading...
[10.947][FINER]:    Done waiting for all views to stop loading
[10.967][FINER]:    Waiting for all views to stop loading...
[10.967][FINER]:    Done waiting for all views to stop loading
[10.967][FINE]:     Command finished (/session/8db28f954fc5e76a337d941e8c565ee3/element/:wdc:1355953701484/attribute/value) with response {
   "sessionId": "8db28f954fc5e76a337d941e8c565ee3",
   "status": 0,
   "value": "P1"
}

[10.969][FINE]:     Command received (/session/8db28f954fc5e76a337d941e8c565ee3/element/:wdc:1355953701485/attribute/value)
[10.969][FINER]:    Waiting for all views to stop loading...
[10.969][FINER]:    Done waiting for all views to stop loading
[10.989][FINER]:    Waiting for all views to stop loading...
[10.990][FINER]:    Done waiting for all views to stop loading
[10.990][FINE]:     Command finished (/session/8db28f954fc5e76a337d941e8c565ee3/element/:wdc:1355953701485/attribute/value) with response {
   "sessionId": "8db28f954fc5e76a337d941e8c565ee3",
   "status": 0,
   "value": "P2"
}

[10.991][FINE]:     Command received (/session/8db28f954fc5e76a337d941e8c565ee3/element/:wdc:1355953701486/attribute/value)
[10.991][FINER]:    Waiting for all views to stop loading...
[10.992][FINER]:    Done waiting for all views to stop loading
[11.012][FINER]:    Waiting for all views to stop loading...
[11.012][FINER]:    Done waiting for all views to stop loading
[11.012][FINE]:     Command finished (/session/8db28f954fc5e76a337d941e8c565ee3/element/:wdc:1355953701486/attribute/value) with response {
   "sessionId": "8db28f954fc5e76a337d941e8c565ee3",
   "status": 0,
   "value": "P3"
}

[11.014][FINE]:     Command received (/session/8db28f954fc5e76a337d941e8c565ee3/element/:wdc:1355953701487/attribute/value)
[11.014][FINER]:    Waiting for all views to stop loading...
[11.014][FINER]:    Done waiting for all views to stop loading
[11.034][FINER]:    Waiting for all views to stop loading...
[11.034][FINER]:    Done waiting for all views to stop loading
[11.034][FINE]:     Command finished (/session/8db28f954fc5e76a337d941e8c565ee3/element/:wdc:1355953701487/attribute/value) with response {
   "sessionId": "8db28f954fc5e76a337d941e8c565ee3",
   "status": 0,
   "value": "P4"
}

[11.036][FINE]:     Command received (/session/8db28f954fc5e76a337d941e8c565ee3/element/:wdc:1355953701488/attribute/value)
[11.036][FINER]:    Waiting for all views to stop loading...
[11.036][FINER]:    Done waiting for all views to stop loading
[11.056][FINER]:    Waiting for all views to stop loading...
[11.056][FINER]:    Done waiting for all views to stop loading
[11.056][FINE]:     Command finished (/session/8db28f954fc5e76a337d941e8c565ee3/element/:wdc:1355953701488/attribute/value) with response {
   "sessionId": "8db28f954fc5e76a337d941e8c565ee3",
   "status": 0,
   "value": "P5"
}

[11.058][FINE]:     Command received (/session/8db28f954fc5e76a337d941e8c565ee3/element/:wdc:1355953701489/attribute/value)
[11.058][FINER]:    Waiting for all views to stop loading...
[11.058][FINER]:    Done waiting for all views to stop loading
[11.078][FINER]:    Waiting for all views to stop loading...
[11.078][FINER]:    Done waiting for all views to stop loading
[11.078][FINE]:     Command finished (/session/8db28f954fc5e76a337d941e8c565ee3/element/:wdc:1355953701489/attribute/value) with response {
   "sessionId": "8db28f954fc5e76a337d941e8c565ee3",
   "status": 0,
   "value": "P6"
}

[11.080][FINE]:     Command received (/session/8db28f954fc5e76a337d941e8c565ee3/element/:wdc:1355953701484/click) with params {
   "id": ":wdc:1355953701484",
   "sessionId": "8db28f954fc5e76a337d941e8c565ee3"
}

[11.080][FINER]:    Waiting for all views to stop loading...
[11.081][FINER]:    Done waiting for all views to stop loading
[11.119][FINER]:    Waiting for all views to stop loading...
[11.120][FINER]:    Done waiting for all views to stop loading
[11.120][FINE]:     Command finished (/session/8db28f954fc5e76a337d941e8c565ee3/element/:wdc:1355953701484/click) with response {
   "sessionId": "8db28f954fc5e76a337d941e8c565ee3",
   "status": 0,
   "value": {

   }
}

[11.121][FINE]:     Command received (/session/8db28f954fc5e76a337d941e8c565ee3/elements) with params {
   "sessionId": "8db28f954fc5e76a337d941e8c565ee3",
   "using": "class name",
   "value": "scb_s_experiment_setup_dialog_collection_select_option"
}

[11.121][FINER]:    Waiting for all views to stop loading...
[11.122][FINER]:    Done waiting for all views to stop loading
[11.139][FINER]:    Waiting for all views to stop loading...
[11.139][FINER]:    Done waiting for all views to stop loading
[11.139][FINE]:     Command finished (/session/8db28f954fc5e76a337d941e8c565ee3/elements) with response {
   "sessionId": "8db28f954fc5e76a337d941e8c565ee3",
   "status": 0,
   "value": [ {
      "ELEMENT": ":wdc:1355953701490"
   } ]
}

[11.141][FINE]:     Command received (/session/8db28f954fc5e76a337d941e8c565ee3/element/:wdc:1355953701490/attribute/value)
[11.141][FINER]:    Waiting for all views to stop loading...
[11.141][FINER]:    Done waiting for all views to stop loading
[11.161][FINER]:    Waiting for all views to stop loading...
[11.161][FINER]:    Done waiting for all views to stop loading
[11.162][FINE]:     Command finished (/session/8db28f954fc5e76a337d941e8c565ee3/element/:wdc:1355953701490/attribute/value) with response {
   "sessionId": "8db28f954fc5e76a337d941e8c565ee3",
   "status": 0,
   "value": "3 d"
}

[11.163][FINE]:     Command received (/session/8db28f954fc5e76a337d941e8c565ee3/element/:wdc:1355953701490/click) with params {
   "id": ":wdc:1355953701490",
   "sessionId": "8db28f954fc5e76a337d941e8c565ee3"
}

[11.164][FINER]:    Waiting for all views to stop loading...
[11.164][FINER]:    Done waiting for all views to stop loading
[11.203][FINER]:    Waiting for all views to stop loading...
[11.203][FINER]:    Done waiting for all views to stop loading
[11.203][FINE]:     Command finished (/session/8db28f954fc5e76a337d941e8c565ee3/element/:wdc:1355953701490/click) with response {
   "sessionId": "8db28f954fc5e76a337d941e8c565ee3",
   "status": 0,
   "value": {

   }
}

[11.205][FINE]:     Command received (/session/8db28f954fc5e76a337d941e8c565ee3/elements) with params {
   "sessionId": "8db28f954fc5e76a337d941e8c565ee3",
   "using": "class name",
   "value": "scb_f_experiment_setup_dialog_apply"
}

[11.205][FINER]:    Waiting for all views to stop loading...
[11.205][FINER]:    Done waiting for all views to stop loading
[11.222][FINER]:    Waiting for all views to stop loading...
[11.222][FINER]:    Done waiting for all views to stop loading
[11.222][FINE]:     Command finished (/session/8db28f954fc5e76a337d941e8c565ee3/elements) with response {
   "sessionId": "8db28f954fc5e76a337d941e8c565ee3",
   "status": 0,
   "value": [ {
      "ELEMENT": ":wdc:1355953701491"
   } ]
}

[11.224][FINE]:     Command received (/session/8db28f954fc5e76a337d941e8c565ee3/element/:wdc:1355953701491/click) with params {
   "id": ":wdc:1355953701491",
   "sessionId": "8db28f954fc5e76a337d941e8c565ee3"
}

[11.224][FINER]:    Waiting for all views to stop loading...
[11.226][FINER]:    Done waiting for all views to stop loading
[11.276][FINER]:    Waiting for all views to stop loading...
[11.276][FINER]:    Done waiting for all views to stop loading
[11.276][FINE]:     Command finished (/session/8db28f954fc5e76a337d941e8c565ee3/element/:wdc:1355953701491/click) with response {
   "sessionId": "8db28f954fc5e76a337d941e8c565ee3",
   "status": 0,
   "value": {

   }
}

[11.278][FINE]:     Command received (/session/8db28f954fc5e76a337d941e8c565ee3/elements) with params {
   "sessionId": "8db28f954fc5e76a337d941e8c565ee3",
   "using": "class name",
   "value": "scb_s_experiment_setup_table_row"
}

[11.278][FINER]:    Waiting for all views to stop loading...
[11.279][FINER]:    Done waiting for all views to stop loading
[11.285][FINER]:    Waiting for all views to stop loading...
[11.285][FINER]:    Done waiting for all views to stop loading
[11.285][FINE]:     Command finished (/session/8db28f954fc5e76a337d941e8c565ee3/elements) with response {
   "sessionId": "8db28f954fc5e76a337d941e8c565ee3",
   "status": 0,
   "value": [ {
      "ELEMENT": ":wdc:1355953701492"
   } ]
}

[11.287][FINE]:     Command received (/session/8db28f954fc5e76a337d941e8c565ee3/element/:wdc:1355953701492/attribute/cell_treatment)
[11.287][FINER]:    Waiting for all views to stop loading...
[11.287][FINER]:    Done waiting for all views to stop loading
[11.307][FINER]:    Waiting for all views to stop loading...
[11.307][FINER]:    Done waiting for all views to stop loading
[11.307][FINE]:     Command finished (/session/8db28f954fc5e76a337d941e8c565ee3/element/:wdc:1355953701492/attribute/cell_treatment) with response {
   "sessionId": "8db28f954fc5e76a337d941e8c565ee3",
   "status": 0,
   "value": "scb_CellTreatment_1g3hid7j3c6d8"
}

[11.309][FINE]:     Command received (/session/8db28f954fc5e76a337d941e8c565ee3/elements) with params {
   "sessionId": "8db28f954fc5e76a337d941e8c565ee3",
   "using": "class name",
   "value": "scb_f_experiment_setup_action_open_add_samples_dialog"
}

[11.309][FINER]:    Waiting for all views to stop loading...
[11.309][FINER]:    Done waiting for all views to stop loading
[11.348][FINER]:    Waiting for all views to stop loading...
[11.348][FINER]:    Done waiting for all views to stop loading
[11.348][FINE]:     Command finished (/session/8db28f954fc5e76a337d941e8c565ee3/elements) with response {
   "sessionId": "8db28f954fc5e76a337d941e8c565ee3",
   "status": 0,
   "value": [ {
      "ELEMENT": ":wdc:1355953701493"
   } ]
}

[11.350][FINE]:     Command received (/session/8db28f954fc5e76a337d941e8c565ee3/element/:wdc:1355953701493/click) with params {
   "id": ":wdc:1355953701493",
   "sessionId": "8db28f954fc5e76a337d941e8c565ee3"
}

[11.350][FINER]:    Waiting for all views to stop loading...
[11.350][FINER]:    Done waiting for all views to stop loading
[11.392][FINER]:    Waiting for all views to stop loading...
[11.392][FINER]:    Done waiting for all views to stop loading
[11.392][FINE]:     Command finished (/session/8db28f954fc5e76a337d941e8c565ee3/element/:wdc:1355953701493/click) with response {
   "sessionId": "8db28f954fc5e76a337d941e8c565ee3",
   "status": 0,
   "value": {

   }
}

[11.394][FINE]:     Command received (/session/8db28f954fc5e76a337d941e8c565ee3/elements) with params {
   "sessionId": "8db28f954fc5e76a337d941e8c565ee3",
   "using": "class name",
   "value": "scb_s_experiment_setup_table_add_samples_dialog"
}

[11.394][FINER]:    Waiting for all views to stop loading...
[11.394][FINER]:    Done waiting for all views to stop loading
[11.402][FINER]:    Waiting for all views to stop loading...
[11.402][FINER]:    Done waiting for all views to stop loading
[11.402][FINE]:     Command finished (/session/8db28f954fc5e76a337d941e8c565ee3/elements) with response {
   "sessionId": "8db28f954fc5e76a337d941e8c565ee3",
   "status": 0,
   "value": [ {
      "ELEMENT": ":wdc:1355953701494"
   } ]
}

[11.404][FINE]:     Command received (/session/8db28f954fc5e76a337d941e8c565ee3/elements) with params {
   "sessionId": "8db28f954fc5e76a337d941e8c565ee3",
   "using": "class name",
   "value": "scb_s_experiment_setup_dialog_cell_lines_select_option"
}

[11.404][FINER]:    Waiting for all views to stop loading...
[11.404][FINER]:    Done waiting for all views to stop loading
[11.408][FINER]:    Waiting for all views to stop loading...
[11.408][FINER]:    Done waiting for all views to stop loading
[11.408][FINE]:     Command finished (/session/8db28f954fc5e76a337d941e8c565ee3/elements) with response {
   "sessionId": "8db28f954fc5e76a337d941e8c565ee3",
   "status": 0,
   "value": [ {
      "ELEMENT": ":wdc:1355953701495"
   }, {
      "ELEMENT": ":wdc:1355953701496"
   } ]
}

[11.410][FINE]:     Command received (/session/8db28f954fc5e76a337d941e8c565ee3/element/:wdc:1355953701495/attribute/value)
[11.410][FINER]:    Waiting for all views to stop loading...
[11.410][FINER]:    Done waiting for all views to stop loading
[11.429][FINER]:    Waiting for all views to stop loading...
[11.430][FINER]:    Done waiting for all views to stop loading
[11.430][FINE]:     Command finished (/session/8db28f954fc5e76a337d941e8c565ee3/element/:wdc:1355953701495/attribute/value) with response {
   "sessionId": "8db28f954fc5e76a337d941e8c565ee3",
   "status": 0,
   "value": "wt"
}

[11.432][FINE]:     Command received (/session/8db28f954fc5e76a337d941e8c565ee3/element/:wdc:1355953701496/attribute/value)
[11.432][FINER]:    Waiting for all views to stop loading...
[11.432][FINER]:    Done waiting for all views to stop loading
[11.452][FINER]:    Waiting for all views to stop loading...
[11.452][FINER]:    Done waiting for all views to stop loading
[11.452][FINE]:     Command finished (/session/8db28f954fc5e76a337d941e8c565ee3/element/:wdc:1355953701496/attribute/value) with response {
   "sessionId": "8db28f954fc5e76a337d941e8c565ee3",
   "status": 0,
   "value": "m1"
}

[11.454][FINE]:     Command received (/session/8db28f954fc5e76a337d941e8c565ee3/element/:wdc:1355953701495/click) with params {
   "id": ":wdc:1355953701495",
   "sessionId": "8db28f954fc5e76a337d941e8c565ee3"
}

[11.454][FINER]:    Waiting for all views to stop loading...
[11.454][FINER]:    Done waiting for all views to stop loading
[11.493][FINER]:    Waiting for all views to stop loading...
[11.493][FINER]:    Done waiting for all views to stop loading
[11.493][FINE]:     Command finished (/session/8db28f954fc5e76a337d941e8c565ee3/element/:wdc:1355953701495/click) with response {
   "sessionId": "8db28f954fc5e76a337d941e8c565ee3",
   "status": 0,
   "value": {

   }
}

[11.495][FINE]:     Command received (/session/8db28f954fc5e76a337d941e8c565ee3/elements) with params {
   "sessionId": "8db28f954fc5e76a337d941e8c565ee3",
   "using": "class name",
   "value": "scb_s_experiment_setup_dialog_treatments_select_option"
}

[11.495][FINER]:    Waiting for all views to stop loading...
[11.495][FINER]:    Done waiting for all views to stop loading
[11.505][FINER]:    Waiting for all views to stop loading...
[11.505][FINER]:    Done waiting for all views to stop loading
[11.505][FINE]:     Command finished (/session/8db28f954fc5e76a337d941e8c565ee3/elements) with response {
   "sessionId": "8db28f954fc5e76a337d941e8c565ee3",
   "status": 0,
   "value": [ {
      "ELEMENT": ":wdc:1355953701497"
   }, {
      "ELEMENT": ":wdc:1355953701498"
   }, {
      "ELEMENT": ":wdc:1355953701499"
   }, {
      "ELEMENT": ":wdc:1355953701500"
   }, {
      "ELEMENT": ":wdc:1355953701501"
   }, {
      "ELEMENT": ":wdc:1355953701502"
   } ]
}

[11.507][FINE]:     Command received (/session/8db28f954fc5e76a337d941e8c565ee3/element/:wdc:1355953701497/attribute/value)
[11.507][FINER]:    Waiting for all views to stop loading...
[11.507][FINER]:    Done waiting for all views to stop loading
[11.527][FINER]:    Waiting for all views to stop loading...
[11.527][FINER]:    Done waiting for all views to stop loading
[11.528][FINE]:     Command finished (/session/8db28f954fc5e76a337d941e8c565ee3/element/:wdc:1355953701497/attribute/value) with response {
   "sessionId": "8db28f954fc5e76a337d941e8c565ee3",
   "status": 0,
   "value": "P1"
}

[11.529][FINE]:     Command received (/session/8db28f954fc5e76a337d941e8c565ee3/element/:wdc:1355953701498/attribute/value)
[11.529][FINER]:    Waiting for all views to stop loading...
[11.530][FINER]:    Done waiting for all views to stop loading
[11.549][FINER]:    Waiting for all views to stop loading...
[11.549][FINER]:    Done waiting for all views to stop loading
[11.549][FINE]:     Command finished (/session/8db28f954fc5e76a337d941e8c565ee3/element/:wdc:1355953701498/attribute/value) with response {
   "sessionId": "8db28f954fc5e76a337d941e8c565ee3",
   "status": 0,
   "value": "P2"
}

[11.552][FINE]:     Command received (/session/8db28f954fc5e76a337d941e8c565ee3/element/:wdc:1355953701499/attribute/value)
[11.552][FINER]:    Waiting for all views to stop loading...
[11.552][FINER]:    Done waiting for all views to stop loading
[11.572][FINER]:    Waiting for all views to stop loading...
[11.572][FINER]:    Done waiting for all views to stop loading
[11.572][FINE]:     Command finished (/session/8db28f954fc5e76a337d941e8c565ee3/element/:wdc:1355953701499/attribute/value) with response {
   "sessionId": "8db28f954fc5e76a337d941e8c565ee3",
   "status": 0,
   "value": "P3"
}

[11.574][FINE]:     Command received (/session/8db28f954fc5e76a337d941e8c565ee3/element/:wdc:1355953701500/attribute/value)
[11.574][FINER]:    Waiting for all views to stop loading...
[11.574][FINER]:    Done waiting for all views to stop loading
[11.594][FINER]:    Waiting for all views to stop loading...
[11.595][FINER]:    Done waiting for all views to stop loading
[11.595][FINE]:     Command finished (/session/8db28f954fc5e76a337d941e8c565ee3/element/:wdc:1355953701500/attribute/value) with response {
   "sessionId": "8db28f954fc5e76a337d941e8c565ee3",
   "status": 0,
   "value": "P4"
}

[11.596][FINE]:     Command received (/session/8db28f954fc5e76a337d941e8c565ee3/element/:wdc:1355953701501/attribute/value)
[11.596][FINER]:    Waiting for all views to stop loading...
[11.597][FINER]:    Done waiting for all views to stop loading
[11.616][FINER]:    Waiting for all views to stop loading...
[11.617][FINER]:    Done waiting for all views to stop loading
[11.617][FINE]:     Command finished (/session/8db28f954fc5e76a337d941e8c565ee3/element/:wdc:1355953701501/attribute/value) with response {
   "sessionId": "8db28f954fc5e76a337d941e8c565ee3",
   "status": 0,
   "value": "P5"
}

[11.618][FINE]:     Command received (/session/8db28f954fc5e76a337d941e8c565ee3/element/:wdc:1355953701502/attribute/value)
[11.618][FINER]:    Waiting for all views to stop loading...
[11.619][FINER]:    Done waiting for all views to stop loading
[11.639][FINER]:    Waiting for all views to stop loading...
[11.640][FINER]:    Done waiting for all views to stop loading
[11.640][FINE]:     Command finished (/session/8db28f954fc5e76a337d941e8c565ee3/element/:wdc:1355953701502/attribute/value) with response {
   "sessionId": "8db28f954fc5e76a337d941e8c565ee3",
   "status": 0,
   "value": "P6"
}

[11.641][FINE]:     Command received (/session/8db28f954fc5e76a337d941e8c565ee3/element/:wdc:1355953701502/click) with params {
   "id": ":wdc:1355953701502",
   "sessionId": "8db28f954fc5e76a337d941e8c565ee3"
}

[11.641][FINER]:    Waiting for all views to stop loading...
[11.642][FINER]:    Done waiting for all views to stop loading
[11.681][FINER]:    Waiting for all views to stop loading...
[11.681][FINER]:    Done waiting for all views to stop loading
[11.681][FINE]:     Command finished (/session/8db28f954fc5e76a337d941e8c565ee3/element/:wdc:1355953701502/click) with response {
   "sessionId": "8db28f954fc5e76a337d941e8c565ee3",
   "status": 0,
   "value": {

   }
}

[11.683][FINE]:     Command received (/session/8db28f954fc5e76a337d941e8c565ee3/elements) with params {
   "sessionId": "8db28f954fc5e76a337d941e8c565ee3",
   "using": "class name",
   "value": "scb_s_experiment_setup_dialog_collection_select_option"
}

[11.683][FINER]:    Waiting for all views to stop loading...
[11.683][FINER]:    Done waiting for all views to stop loading
[11.694][FINER]:    Waiting for all views to stop loading...
[11.694][FINER]:    Done waiting for all views to stop loading
[11.694][FINE]:     Command finished (/session/8db28f954fc5e76a337d941e8c565ee3/elements) with response {
   "sessionId": "8db28f954fc5e76a337d941e8c565ee3",
   "status": 0,
   "value": [ {
      "ELEMENT": ":wdc:1355953701503"
   } ]
}

[11.696][FINE]:     Command received (/session/8db28f954fc5e76a337d941e8c565ee3/element/:wdc:1355953701503/attribute/value)
[11.696][FINER]:    Waiting for all views to stop loading...
[11.696][FINER]:    Done waiting for all views to stop loading
[11.716][FINER]:    Waiting for all views to stop loading...
[11.716][FINER]:    Done waiting for all views to stop loading
[11.716][FINE]:     Command finished (/session/8db28f954fc5e76a337d941e8c565ee3/element/:wdc:1355953701503/attribute/value) with response {
   "sessionId": "8db28f954fc5e76a337d941e8c565ee3",
   "status": 0,
   "value": "3 d"
}

[11.718][FINE]:     Command received (/session/8db28f954fc5e76a337d941e8c565ee3/element/:wdc:1355953701503/click) with params {
   "id": ":wdc:1355953701503",
   "sessionId": "8db28f954fc5e76a337d941e8c565ee3"
}

[11.718][FINER]:    Waiting for all views to stop loading...
[11.718][FINER]:    Done waiting for all views to stop loading
[11.756][FINER]:    Waiting for all views to stop loading...
[11.757][FINER]:    Done waiting for all views to stop loading
[11.757][FINE]:     Command finished (/session/8db28f954fc5e76a337d941e8c565ee3/element/:wdc:1355953701503/click) with response {
   "sessionId": "8db28f954fc5e76a337d941e8c565ee3",
   "status": 0,
   "value": {

   }
}

[11.758][FINE]:     Command received (/session/8db28f954fc5e76a337d941e8c565ee3/elements) with params {
   "sessionId": "8db28f954fc5e76a337d941e8c565ee3",
   "using": "class name",
   "value": "scb_f_experiment_setup_dialog_apply"
}

[11.758][FINER]:    Waiting for all views to stop loading...
[11.759][FINER]:    Done waiting for all views to stop loading
[11.769][FINER]:    Waiting for all views to stop loading...
[11.769][FINER]:    Done waiting for all views to stop loading
[11.769][FINE]:     Command finished (/session/8db28f954fc5e76a337d941e8c565ee3/elements) with response {
   "sessionId": "8db28f954fc5e76a337d941e8c565ee3",
   "status": 0,
   "value": [ {
      "ELEMENT": ":wdc:1355953701504"
   } ]
}

[11.771][FINE]:     Command received (/session/8db28f954fc5e76a337d941e8c565ee3/element/:wdc:1355953701504/click) with params {
   "id": ":wdc:1355953701504",
   "sessionId": "8db28f954fc5e76a337d941e8c565ee3"
}

[11.771][FINER]:    Waiting for all views to stop loading...
[11.772][FINER]:    Done waiting for all views to stop loading
[11.822][FINER]:    Waiting for all views to stop loading...
[11.823][FINER]:    Done waiting for all views to stop loading
[11.823][FINE]:     Command finished (/session/8db28f954fc5e76a337d941e8c565ee3/element/:wdc:1355953701504/click) with response {
   "sessionId": "8db28f954fc5e76a337d941e8c565ee3",
   "status": 0,
   "value": {

   }
}

[11.825][FINE]:     Command received (/session/8db28f954fc5e76a337d941e8c565ee3/elements) with params {
   "sessionId": "8db28f954fc5e76a337d941e8c565ee3",
   "using": "class name",
   "value": "scb_s_experiment_setup_table_row"
}

[11.825][FINER]:    Waiting for all views to stop loading...
[11.825][FINER]:    Done waiting for all views to stop loading
[11.832][FINER]:    Waiting for all views to stop loading...
[11.832][FINER]:    Done waiting for all views to stop loading
[11.832][FINE]:     Command finished (/session/8db28f954fc5e76a337d941e8c565ee3/elements) with response {
   "sessionId": "8db28f954fc5e76a337d941e8c565ee3",
   "status": 0,
   "value": [ {
      "ELEMENT": ":wdc:1355953701505"
   }, {
      "ELEMENT": ":wdc:1355953701506"
   }, {
      "ELEMENT": ":wdc:1355953701507"
   }, {
      "ELEMENT": ":wdc:1355953701508"
   }, {
      "ELEMENT": ":wdc:1355953701509"
   } ]
}

[11.834][FINE]:     Command received (/session/8db28f954fc5e76a337d941e8c565ee3/element/:wdc:1355953701505/attribute/cell_treatment)
[11.834][FINER]:    Waiting for all views to stop loading...
[11.834][FINER]:    Done waiting for all views to stop loading
[11.854][FINER]:    Waiting for all views to stop loading...
[11.854][FINER]:    Done waiting for all views to stop loading
[11.854][FINE]:     Command finished (/session/8db28f954fc5e76a337d941e8c565ee3/element/:wdc:1355953701505/attribute/cell_treatment) with response {
   "sessionId": "8db28f954fc5e76a337d941e8c565ee3",
   "status": 0,
   "value": "scb_CellTreatment_1g3hid7j3c6d8"
}

[11.856][FINE]:     Command received (/session/8db28f954fc5e76a337d941e8c565ee3/element/:wdc:1355953701506/attribute/cell_treatment)
[11.856][FINER]:    Waiting for all views to stop loading...
[11.856][FINER]:    Done waiting for all views to stop loading
[11.876][FINER]:    Waiting for all views to stop loading...
[11.876][FINER]:    Done waiting for all views to stop loading
[11.876][FINE]:     Command finished (/session/8db28f954fc5e76a337d941e8c565ee3/element/:wdc:1355953701506/attribute/cell_treatment) with response {
   "sessionId": "8db28f954fc5e76a337d941e8c565ee3",
   "status": 0,
   "value": "scb_CellTreatment_lbkgaf25j16df"
}

[11.878][FINE]:     Command received (/session/8db28f954fc5e76a337d941e8c565ee3/element/:wdc:1355953701507/attribute/cell_treatment)
[11.878][FINER]:    Waiting for all views to stop loading...
[11.878][FINER]:    Done waiting for all views to stop loading
[11.897][FINER]:    Waiting for all views to stop loading...
[11.897][FINER]:    Done waiting for all views to stop loading
[11.897][FINE]:     Command finished (/session/8db28f954fc5e76a337d941e8c565ee3/element/:wdc:1355953701507/attribute/cell_treatment) with response {
   "sessionId": "8db28f954fc5e76a337d941e8c565ee3",
   "status": 0,
   "value": "scb_CellTreatment_lbkgaf25j16df"
}

[11.899][FINE]:     Command received (/session/8db28f954fc5e76a337d941e8c565ee3/element/:wdc:1355953701508/attribute/cell_treatment)
[11.899][FINER]:    Waiting for all views to stop loading...
[11.899][FINER]:    Done waiting for all views to stop loading
[11.919][FINER]:    Waiting for all views to stop loading...
[11.920][FINER]:    Done waiting for all views to stop loading
[11.920][FINE]:     Command finished (/session/8db28f954fc5e76a337d941e8c565ee3/element/:wdc:1355953701508/attribute/cell_treatment) with response {
   "sessionId": "8db28f954fc5e76a337d941e8c565ee3",
   "status": 0,
   "value": "scb_CellTreatment_lbkgaf25j16df"
}

[11.921][FINE]:     Command received (/session/8db28f954fc5e76a337d941e8c565ee3/element/:wdc:1355953701509/attribute/cell_treatment)
[11.921][FINER]:    Waiting for all views to stop loading...
[11.921][FINER]:    Done waiting for all views to stop loading
[11.941][FINER]:    Waiting for all views to stop loading...
[11.942][FINER]:    Done waiting for all views to stop loading
[11.942][FINE]:     Command finished (/session/8db28f954fc5e76a337d941e8c565ee3/element/:wdc:1355953701509/attribute/cell_treatment) with response {
   "sessionId": "8db28f954fc5e76a337d941e8c565ee3",
   "status": 0,
   "value": "scb_CellTreatment_lbkgaf25j16df"
}

[11.943][FINE]:     Command received (/session/8db28f954fc5e76a337d941e8c565ee3/elements) with params {
   "sessionId": "8db28f954fc5e76a337d941e8c565ee3",
   "using": "class name",
   "value": "scb_f_experiment_setup_remove_sample"
}

[11.943][FINER]:    Waiting for all views to stop loading...
[11.944][FINER]:    Done waiting for all views to stop loading
[11.954][FINER]:    Waiting for all views to stop loading...
[11.955][FINER]:    Done waiting for all views to stop loading
[11.955][FINE]:     Command finished (/session/8db28f954fc5e76a337d941e8c565ee3/elements) with response {
   "sessionId": "8db28f954fc5e76a337d941e8c565ee3",
   "status": 0,
   "value": [ {
      "ELEMENT": ":wdc:1355953701510"
   }, {
      "ELEMENT": ":wdc:1355953701511"
   } ]
}

[11.956][FINE]:     Command received (/session/8db28f954fc5e76a337d941e8c565ee3/element/:wdc:1355953701510/click) with params {
   "id": ":wdc:1355953701510",
   "sessionId": "8db28f954fc5e76a337d941e8c565ee3"
}

[11.956][FINER]:    Waiting for all views to stop loading...
[11.957][FINER]:    Done waiting for all views to stop loading
[12.001][FINER]:    Waiting for all views to stop loading...
[12.002][FINER]:    Done waiting for all views to stop loading
[12.002][FINE]:     Command finished (/session/8db28f954fc5e76a337d941e8c565ee3/element/:wdc:1355953701510/click) with response {
   "sessionId": "8db28f954fc5e76a337d941e8c565ee3",
   "status": 0,
   "value": {

   }
}

[12.004][FINE]:     Command received (/session/8db28f954fc5e76a337d941e8c565ee3/elements) with params {
   "sessionId": "8db28f954fc5e76a337d941e8c565ee3",
   "using": "class name",
   "value": "scb_s_experiment_setup_table_row"
}

[12.004][FINER]:    Waiting for all views to stop loading...
[12.004][FINER]:    Done waiting for all views to stop loading
[12.011][FINER]:    Waiting for all views to stop loading...
[12.011][FINER]:    Done waiting for all views to stop loading
[12.011][FINE]:     Command finished (/session/8db28f954fc5e76a337d941e8c565ee3/elements) with response {
   "sessionId": "8db28f954fc5e76a337d941e8c565ee3",
   "status": 0,
   "value": [ {
      "ELEMENT": ":wdc:1355953701512"
   }, {
      "ELEMENT": ":wdc:1355953701513"
   }, {
      "ELEMENT": ":wdc:1355953701514"
   }, {
      "ELEMENT": ":wdc:1355953701515"
   } ]
}

[12.013][FINE]:     Command received (/session/8db28f954fc5e76a337d941e8c565ee3/element/:wdc:1355953701512/attribute/cell_treatment)
[12.013][FINER]:    Waiting for all views to stop loading...
[12.013][FINER]:    Done waiting for all views to stop loading
[12.033][FINER]:    Waiting for all views to stop loading...
[12.033][FINER]:    Done waiting for all views to stop loading
[12.033][FINE]:     Command finished (/session/8db28f954fc5e76a337d941e8c565ee3/element/:wdc:1355953701512/attribute/cell_treatment) with response {
   "sessionId": "8db28f954fc5e76a337d941e8c565ee3",
   "status": 0,
   "value": "scb_CellTreatment_lbkgaf25j16df"
}

[12.035][FINE]:     Command received (/session/8db28f954fc5e76a337d941e8c565ee3/element/:wdc:1355953701513/attribute/cell_treatment)
[12.035][FINER]:    Waiting for all views to stop loading...
[12.035][FINER]:    Done waiting for all views to stop loading
[12.055][FINER]:    Waiting for all views to stop loading...
[12.055][FINER]:    Done waiting for all views to stop loading
[12.055][FINE]:     Command finished (/session/8db28f954fc5e76a337d941e8c565ee3/element/:wdc:1355953701513/attribute/cell_treatment) with response {
   "sessionId": "8db28f954fc5e76a337d941e8c565ee3",
   "status": 0,
   "value": "scb_CellTreatment_lbkgaf25j16df"
}

[12.057][FINE]:     Command received (/session/8db28f954fc5e76a337d941e8c565ee3/element/:wdc:1355953701514/attribute/cell_treatment)
[12.057][FINER]:    Waiting for all views to stop loading...
[12.057][FINER]:    Done waiting for all views to stop loading
[12.077][FINER]:    Waiting for all views to stop loading...
[12.077][FINER]:    Done waiting for all views to stop loading
[12.077][FINE]:     Command finished (/session/8db28f954fc5e76a337d941e8c565ee3/element/:wdc:1355953701514/attribute/cell_treatment) with response {
   "sessionId": "8db28f954fc5e76a337d941e8c565ee3",
   "status": 0,
   "value": "scb_CellTreatment_lbkgaf25j16df"
}

[12.079][FINE]:     Command received (/session/8db28f954fc5e76a337d941e8c565ee3/element/:wdc:1355953701515/attribute/cell_treatment)
[12.079][FINER]:    Waiting for all views to stop loading...
[12.079][FINER]:    Done waiting for all views to stop loading
[12.108][FINER]:    Waiting for all views to stop loading...
[12.108][FINER]:    Done waiting for all views to stop loading
[12.108][FINE]:     Command finished (/session/8db28f954fc5e76a337d941e8c565ee3/element/:wdc:1355953701515/attribute/cell_treatment) with response {
   "sessionId": "8db28f954fc5e76a337d941e8c565ee3",
   "status": 0,
   "value": "scb_CellTreatment_lbkgaf25j16df"
}

[12.110][FINE]:     Command received (/session/8db28f954fc5e76a337d941e8c565ee3/elements) with params {
   "sessionId": "8db28f954fc5e76a337d941e8c565ee3",
   "using": "link text",
   "value": "Design Experiment"
}

[12.110][FINER]:    Waiting for all views to stop loading...
[12.110][FINER]:    Done waiting for all views to stop loading
[12.124][FINER]:    Waiting for all views to stop loading...
[12.124][FINER]:    Done waiting for all views to stop loading
[12.124][FINE]:     Command finished (/session/8db28f954fc5e76a337d941e8c565ee3/elements) with response {
   "sessionId": "8db28f954fc5e76a337d941e8c565ee3",
   "status": 0,
   "value": [ {
      "ELEMENT": ":wdc:1355953701516"
   } ]
}

[12.126][FINE]:     Command received (/session/8db28f954fc5e76a337d941e8c565ee3/element/:wdc:1355953701516/click) with params {
   "id": ":wdc:1355953701516",
   "sessionId": "8db28f954fc5e76a337d941e8c565ee3"
}

[12.126][FINER]:    Waiting for all views to stop loading...
[12.126][FINER]:    Done waiting for all views to stop loading
[12.216][FINER]:    Waiting for all views to stop loading...
[12.251][FINER]:    Done waiting for all views to stop loading
[12.251][FINE]:     Command finished (/session/8db28f954fc5e76a337d941e8c565ee3/element/:wdc:1355953701516/click) with response {
   "sessionId": "8db28f954fc5e76a337d941e8c565ee3",
   "status": 0,
   "value": {

   }
}

[12.253][FINE]:     Command received (/session/8db28f954fc5e76a337d941e8c565ee3/elements) with params {
   "sessionId": "8db28f954fc5e76a337d941e8c565ee3",
   "using": "class name",
   "value": "scb_s_experiment_design_view"
}

[12.253][FINER]:    Waiting for all views to stop loading...
[12.253][FINER]:    Done waiting for all views to stop loading
[12.257][FINER]:    Waiting for all views to stop loading...
[12.257][FINER]:    Done waiting for all views to stop loading
[12.257][FINE]:     Command finished (/session/8db28f954fc5e76a337d941e8c565ee3/elements) with response {
   "sessionId": "8db28f954fc5e76a337d941e8c565ee3",
   "status": 0,
   "value": [ {
      "ELEMENT": ":wdc:1355953701517"
   } ]
}

[12.259][FINE]:     Command received (/session/8db28f954fc5e76a337d941e8c565ee3/elements) with params {
   "sessionId": "8db28f954fc5e76a337d941e8c565ee3",
   "using": "link text",
   "value": "Experiment setup"
}

[12.259][FINER]:    Waiting for all views to stop loading...
[12.259][FINER]:    Done waiting for all views to stop loading
[12.265][FINER]:    Waiting for all views to stop loading...
[12.265][FINER]:    Done waiting for all views to stop loading
[12.265][FINE]:     Command finished (/session/8db28f954fc5e76a337d941e8c565ee3/elements) with response {
   "sessionId": "8db28f954fc5e76a337d941e8c565ee3",
   "status": 0,
   "value": [ {
      "ELEMENT": ":wdc:1355953701518"
   } ]
}

[12.267][FINE]:     Command received (/session/8db28f954fc5e76a337d941e8c565ee3/element/:wdc:1355953701518/click) with params {
   "id": ":wdc:1355953701518",
   "sessionId": "8db28f954fc5e76a337d941e8c565ee3"
}

[12.267][FINER]:    Waiting for all views to stop loading...
[12.267][FINER]:    Done waiting for all views to stop loading
[12.334][FINER]:    Waiting for all views to stop loading...
[12.350][FINER]:    Done waiting for all views to stop loading
[12.350][FINE]:     Command finished (/session/8db28f954fc5e76a337d941e8c565ee3/element/:wdc:1355953701518/click) with response {
   "sessionId": "8db28f954fc5e76a337d941e8c565ee3",
   "status": 0,
   "value": {

   }
}

[12.352][FINE]:     Command received (/session/8db28f954fc5e76a337d941e8c565ee3/elements) with params {
   "sessionId": "8db28f954fc5e76a337d941e8c565ee3",
   "using": "class name",
   "value": "scb_s_experiment_setup_view"
}

[12.352][FINER]:    Waiting for all views to stop loading...
[12.353][FINER]:    Done waiting for all views to stop loading
[12.356][FINER]:    Waiting for all views to stop loading...
[12.356][FINER]:    Done waiting for all views to stop loading
[12.356][FINE]:     Command finished (/session/8db28f954fc5e76a337d941e8c565ee3/elements) with response {
   "sessionId": "8db28f954fc5e76a337d941e8c565ee3",
   "status": 0,
   "value": [ {
      "ELEMENT": ":wdc:1355953701519"
   } ]
}

[12.358][FINE]:     Command received (/session/8db28f954fc5e76a337d941e8c565ee3/elements) with params {
   "sessionId": "8db28f954fc5e76a337d941e8c565ee3",
   "using": "class name",
   "value": "scb_s_experiment_setup_table_editable"
}

[12.358][FINER]:    Waiting for all views to stop loading...
[12.358][FINER]:    Done waiting for all views to stop loading
[12.361][FINER]:    Waiting for all views to stop loading...
[12.362][FINER]:    Done waiting for all views to stop loading
[12.362][FINE]:     Command finished (/session/8db28f954fc5e76a337d941e8c565ee3/elements) with response {
   "sessionId": "8db28f954fc5e76a337d941e8c565ee3",
   "status": 0,
   "value": [ {
      "ELEMENT": ":wdc:1355953701520"
   } ]
}

[12.364][FINE]:     Command received (/session/8db28f954fc5e76a337d941e8c565ee3/elements) with params {
   "sessionId": "8db28f954fc5e76a337d941e8c565ee3",
   "using": "class name",
   "value": "scb_s_experiment_setup_table_row"
}

[12.364][FINER]:    Waiting for all views to stop loading...
[12.365][FINER]:    Done waiting for all views to stop loading
[12.369][FINER]:    Waiting for all views to stop loading...
[12.369][FINER]:    Done waiting for all views to stop loading
[12.369][FINE]:     Command finished (/session/8db28f954fc5e76a337d941e8c565ee3/elements) with response {
   "sessionId": "8db28f954fc5e76a337d941e8c565ee3",
   "status": 0,
   "value": [ {
      "ELEMENT": ":wdc:1355953701521"
   }, {
      "ELEMENT": ":wdc:1355953701522"
   }, {
      "ELEMENT": ":wdc:1355953701523"
   }, {
      "ELEMENT": ":wdc:1355953701524"
   } ]
}

[12.370][FINE]:     Command received (/session/8db28f954fc5e76a337d941e8c565ee3/element/:wdc:1355953701521/attribute/cell_treatment)
[12.370][FINER]:    Waiting for all views to stop loading...
[12.371][FINER]:    Done waiting for all views to stop loading
[12.392][FINER]:    Waiting for all views to stop loading...
[12.392][FINER]:    Done waiting for all views to stop loading
[12.392][FINE]:     Command finished (/session/8db28f954fc5e76a337d941e8c565ee3/element/:wdc:1355953701521/attribute/cell_treatment) with response {
   "sessionId": "8db28f954fc5e76a337d941e8c565ee3",
   "status": 0,
   "value": "scb_CellTreatment_lbkgaf25j16df"
}

[12.394][FINE]:     Command received (/session/8db28f954fc5e76a337d941e8c565ee3/element/:wdc:1355953701522/attribute/cell_treatment)
[12.394][FINER]:    Waiting for all views to stop loading...
[12.395][FINER]:    Done waiting for all views to stop loading
[12.418][FINER]:    Waiting for all views to stop loading...
[12.418][FINER]:    Done waiting for all views to stop loading
[12.418][FINE]:     Command finished (/session/8db28f954fc5e76a337d941e8c565ee3/element/:wdc:1355953701522/attribute/cell_treatment) with response {
   "sessionId": "8db28f954fc5e76a337d941e8c565ee3",
   "status": 0,
   "value": "scb_CellTreatment_lbkgaf25j16df"
}

[12.420][FINE]:     Command received (/session/8db28f954fc5e76a337d941e8c565ee3/element/:wdc:1355953701523/attribute/cell_treatment)
[12.420][FINER]:    Waiting for all views to stop loading...
[12.420][FINER]:    Done waiting for all views to stop loading
[12.441][FINER]:    Waiting for all views to stop loading...
[12.441][FINER]:    Done waiting for all views to stop loading
[12.441][FINE]:     Command finished (/session/8db28f954fc5e76a337d941e8c565ee3/element/:wdc:1355953701523/attribute/cell_treatment) with response {
   "sessionId": "8db28f954fc5e76a337d941e8c565ee3",
   "status": 0,
   "value": "scb_CellTreatment_lbkgaf25j16df"
}

[12.443][FINE]:     Command received (/session/8db28f954fc5e76a337d941e8c565ee3/element/:wdc:1355953701524/attribute/cell_treatment)
[12.443][FINER]:    Waiting for all views to stop loading...
[12.443][FINER]:    Done waiting for all views to stop loading
[12.463][FINER]:    Waiting for all views to stop loading...
[12.463][FINER]:    Done waiting for all views to stop loading
[12.463][FINE]:     Command finished (/session/8db28f954fc5e76a337d941e8c565ee3/element/:wdc:1355953701524/attribute/cell_treatment) with response {
   "sessionId": "8db28f954fc5e76a337d941e8c565ee3",
   "status": 0,
   "value": "scb_CellTreatment_lbkgaf25j16df"
}

[12.465][FINE]:     Command received (/session/8db28f954fc5e76a337d941e8c565ee3/elements) with params {
   "sessionId": "8db28f954fc5e76a337d941e8c565ee3",
   "using": "link text",
   "value": "Run Experiment"
}

[12.465][FINER]:    Waiting for all views to stop loading...
[12.465][FINER]:    Done waiting for all views to stop loading
[12.479][FINER]:    Waiting for all views to stop loading...
[12.479][FINER]:    Done waiting for all views to stop loading
[12.479][FINE]:     Command finished (/session/8db28f954fc5e76a337d941e8c565ee3/elements) with response {
   "sessionId": "8db28f954fc5e76a337d941e8c565ee3",
   "status": 0,
   "value": [ {
      "ELEMENT": ":wdc:1355953701525"
   } ]
}

[12.481][FINE]:     Command received (/session/8db28f954fc5e76a337d941e8c565ee3/element/:wdc:1355953701525/click) with params {
   "id": ":wdc:1355953701525",
   "sessionId": "8db28f954fc5e76a337d941e8c565ee3"
}

[12.481][FINER]:    Waiting for all views to stop loading...
[12.481][FINER]:    Done waiting for all views to stop loading
[12.522][FINER]:    Waiting for all views to stop loading...
[12.551][FINER]:    Done waiting for all views to stop loading
[12.551][FINE]:     Command finished (/session/8db28f954fc5e76a337d941e8c565ee3/element/:wdc:1355953701525/click) with response {
   "sessionId": "8db28f954fc5e76a337d941e8c565ee3",
   "status": 0,
   "value": {

   }
}

[12.553][FINE]:     Command received (/session/8db28f954fc5e76a337d941e8c565ee3/elements) with params {
   "sessionId": "8db28f954fc5e76a337d941e8c565ee3",
   "using": "class name",
   "value": "scb_s_experiment_setup_view"
}

[12.553][FINER]:    Waiting for all views to stop loading...
[12.567][FINER]:    Done waiting for all views to stop loading
[12.570][FINER]:    Waiting for all views to stop loading...
[12.571][FINER]:    Done waiting for all views to stop loading
[12.571][FINE]:     Command finished (/session/8db28f954fc5e76a337d941e8c565ee3/elements) with response {
   "sessionId": "8db28f954fc5e76a337d941e8c565ee3",
   "status": 0,
   "value": [ {
      "ELEMENT": ":wdc:1355953701526"
   } ]
}

[12.573][FINE]:     Command received (/session/8db28f954fc5e76a337d941e8c565ee3/elements) with params {
   "sessionId": "8db28f954fc5e76a337d941e8c565ee3",
   "using": "class name",
   "value": "scb_s_experiment_setup_table_readonly"
}

[12.573][FINER]:    Waiting for all views to stop loading...
[12.573][FINER]:    Done waiting for all views to stop loading
[12.583][FINER]:    Waiting for all views to stop loading...
[12.583][FINER]:    Done waiting for all views to stop loading
[12.583][FINE]:     Command finished (/session/8db28f954fc5e76a337d941e8c565ee3/elements) with response {
   "sessionId": "8db28f954fc5e76a337d941e8c565ee3",
   "status": 0,
   "value": [ {
      "ELEMENT": ":wdc:1355953701527"
   } ]
}

[12.585][FINE]:     Command received (/session/8db28f954fc5e76a337d941e8c565ee3/elements) with params {
   "sessionId": "8db28f954fc5e76a337d941e8c565ee3",
   "using": "link text",
   "value": "Select technique"
}

[12.585][FINER]:    Waiting for all views to stop loading...
[12.585][FINER]:    Done waiting for all views to stop loading
[12.599][FINER]:    Waiting for all views to stop loading...
[12.600][FINER]:    Done waiting for all views to stop loading
[12.600][FINE]:     Command finished (/session/8db28f954fc5e76a337d941e8c565ee3/elements) with response {
   "sessionId": "8db28f954fc5e76a337d941e8c565ee3",
   "status": 0,
   "value": [ {
      "ELEMENT": ":wdc:1355953701528"
   } ]
}

[12.602][FINE]:     Command received (/session/8db28f954fc5e76a337d941e8c565ee3/element/:wdc:1355953701528/click) with params {
   "id": ":wdc:1355953701528",
   "sessionId": "8db28f954fc5e76a337d941e8c565ee3"
}

[12.602][FINER]:    Waiting for all views to stop loading...
[12.602][FINER]:    Done waiting for all views to stop loading
[12.651][FINER]:    Waiting for all views to stop loading...
[12.687][FINER]:    Done waiting for all views to stop loading
[12.687][FINE]:     Command finished (/session/8db28f954fc5e76a337d941e8c565ee3/element/:wdc:1355953701528/click) with response {
   "sessionId": "8db28f954fc5e76a337d941e8c565ee3",
   "status": 0,
   "value": {

   }
}

[12.688][FINE]:     Command received (/session/8db28f954fc5e76a337d941e8c565ee3/elements) with params {
   "sessionId": "8db28f954fc5e76a337d941e8c565ee3",
   "using": "class name",
   "value": "scb_s_select_technique_view"
}

[12.689][FINER]:    Waiting for all views to stop loading...
[12.689][FINER]:    Done waiting for all views to stop loading
[12.703][FINER]:    Waiting for all views to stop loading...
[12.703][FINER]:    Done waiting for all views to stop loading
[12.703][FINE]:     Command finished (/session/8db28f954fc5e76a337d941e8c565ee3/elements) with response {
   "sessionId": "8db28f954fc5e76a337d941e8c565ee3",
   "status": 0,
   "value": [ {
      "ELEMENT": ":wdc:1355953701529"
   } ]
}

[12.705][FINE]:     Command received (/session/8db28f954fc5e76a337d941e8c565ee3/elements) with params {
   "sessionId": "8db28f954fc5e76a337d941e8c565ee3",
   "using": "class name",
   "value": "scb_f_open_western_blot"
}

[12.705][FINER]:    Waiting for all views to stop loading...
[12.705][FINER]:    Done waiting for all views to stop loading
[12.718][FINER]:    Waiting for all views to stop loading...
[12.718][FINER]:    Done waiting for all views to stop loading
[12.718][FINE]:     Command finished (/session/8db28f954fc5e76a337d941e8c565ee3/elements) with response {
   "sessionId": "8db28f954fc5e76a337d941e8c565ee3",
   "status": 0,
   "value": [  ]
}

[12.720][FINE]:     Command received (/session/8db28f954fc5e76a337d941e8c565ee3/elements) with params {
   "sessionId": "8db28f954fc5e76a337d941e8c565ee3",
   "using": "link text",
   "value": "New Western Blot"
}

[12.720][FINER]:    Waiting for all views to stop loading...
[12.720][FINER]:    Done waiting for all views to stop loading
[12.734][FINER]:    Waiting for all views to stop loading...
[12.734][FINER]:    Done waiting for all views to stop loading
[12.734][FINE]:     Command finished (/session/8db28f954fc5e76a337d941e8c565ee3/elements) with response {
   "sessionId": "8db28f954fc5e76a337d941e8c565ee3",
   "status": 0,
   "value": [ {
      "ELEMENT": ":wdc:1355953701530"
   } ]
}

[12.736][FINE]:     Command received (/session/8db28f954fc5e76a337d941e8c565ee3/element/:wdc:1355953701530/click) with params {
   "id": ":wdc:1355953701530",
   "sessionId": "8db28f954fc5e76a337d941e8c565ee3"
}

[12.736][FINER]:    Waiting for all views to stop loading...
[12.736][FINER]:    Done waiting for all views to stop loading
[12.784][FINER]:    Waiting for all views to stop loading...
[12.817][FINER]:    Done waiting for all views to stop loading
[12.817][FINE]:     Command finished (/session/8db28f954fc5e76a337d941e8c565ee3/element/:wdc:1355953701530/click) with response {
   "sessionId": "8db28f954fc5e76a337d941e8c565ee3",
   "status": 0,
   "value": {

   }
}

[12.819][FINE]:     Command received (/session/8db28f954fc5e76a337d941e8c565ee3/elements) with params {
   "sessionId": "8db28f954fc5e76a337d941e8c565ee3",
   "using": "class name",
   "value": "scb_s_western_blot_view"
}

[12.819][FINER]:    Waiting for all views to stop loading...
[12.819][FINER]:    Done waiting for all views to stop loading
[12.829][FINER]:    Waiting for all views to stop loading...
[12.829][FINER]:    Done waiting for all views to stop loading
[12.829][FINE]:     Command finished (/session/8db28f954fc5e76a337d941e8c565ee3/elements) with response {
   "sessionId": "8db28f954fc5e76a337d941e8c565ee3",
   "status": 0,
   "value": [  ]
}

[12.832][FINE]:     Command received (/session/8db28f954fc5e76a337d941e8c565ee3/url) with params {
   "sessionId": "8db28f954fc5e76a337d941e8c565ee3",
   "url": "http://localhost:8000/static/index.html"
}

[12.832][FINER]:    Waiting for all views to stop loading...
[12.832][FINER]:    Done waiting for all views to stop loading
[12.952][FINER]:    Waiting for all views to stop loading...
[12.955][FINER]:    Done waiting for all views to stop loading
[12.955][FINE]:     Command finished (/session/8db28f954fc5e76a337d941e8c565ee3/url) with response {
   "sessionId": "8db28f954fc5e76a337d941e8c565ee3",
   "status": 0,
   "value": {

   }
}

[12.957][FINE]:     Command received (/session/8db28f954fc5e76a337d941e8c565ee3/element) with params {
   "sessionId": "8db28f954fc5e76a337d941e8c565ee3",
   "using": "id",
   "value": "main"
}

[12.957][FINER]:    Waiting for all views to stop loading...
[12.992][FINER]:    Done waiting for all views to stop loading
[13.003][FINER]:    Waiting for all views to stop loading...
[13.003][FINER]:    Done waiting for all views to stop loading
[13.003][FINE]:     Command finished (/session/8db28f954fc5e76a337d941e8c565ee3/element) with response {
   "sessionId": "8db28f954fc5e76a337d941e8c565ee3",
   "status": 0,
   "value": {
      "ELEMENT": ":wdc:1355953705918"
   }
}

[13.005][FINE]:     Command received (/session/8db28f954fc5e76a337d941e8c565ee3/element/:wdc:1355953705918/name)
[13.005][FINER]:    Waiting for all views to stop loading...
[13.005][FINER]:    Done waiting for all views to stop loading
[13.008][FINER]:    Waiting for all views to stop loading...
[13.009][FINER]:    Done waiting for all views to stop loading
[13.009][FINE]:     Command finished (/session/8db28f954fc5e76a337d941e8c565ee3/element/:wdc:1355953705918/name) with response {
   "sessionId": "8db28f954fc5e76a337d941e8c565ee3",
   "status": 0,
   "value": "div"
}

[13.010][FINE]:     Command received (/session/8db28f954fc5e76a337d941e8c565ee3/elements) with params {
   "sessionId": "8db28f954fc5e76a337d941e8c565ee3",
   "using": "class name",
   "value": "scb_s_assignments_view"
}

[13.010][FINER]:    Waiting for all views to stop loading...
[13.010][FINER]:    Done waiting for all views to stop loading
[13.013][FINER]:    Waiting for all views to stop loading...
[13.014][FINER]:    Done waiting for all views to stop loading
[13.014][FINE]:     Command finished (/session/8db28f954fc5e76a337d941e8c565ee3/elements) with response {
   "sessionId": "8db28f954fc5e76a337d941e8c565ee3",
   "status": 0,
   "value": [ {
      "ELEMENT": ":wdc:1355953705919"
   } ]
}

[13.015][FINE]:     Command received (/session/8db28f954fc5e76a337d941e8c565ee3/url) with params {
   "sessionId": "8db28f954fc5e76a337d941e8c565ee3",
   "url": "http://localhost:8000/static/index.html"
}

[13.016][FINER]:    Waiting for all views to stop loading...
[13.016][FINER]:    Done waiting for all views to stop loading
[13.082][FINER]:    Waiting for all views to stop loading...
[13.083][FINER]:    Done waiting for all views to stop loading
[13.083][FINE]:     Command finished (/session/8db28f954fc5e76a337d941e8c565ee3/url) with response {
   "sessionId": "8db28f954fc5e76a337d941e8c565ee3",
   "status": 0,
   "value": {

   }
}

[13.085][FINE]:     Command received (/session/8db28f954fc5e76a337d941e8c565ee3/element) with params {
   "sessionId": "8db28f954fc5e76a337d941e8c565ee3",
   "using": "id",
   "value": "main"
}

[13.085][FINER]:    Waiting for all views to stop loading...
[13.085][FINER]:    Done waiting for all views to stop loading
[13.110][FINER]:    Waiting for all views to stop loading...
[13.110][FINER]:    Done waiting for all views to stop loading
[13.110][FINE]:     Command finished (/session/8db28f954fc5e76a337d941e8c565ee3/element) with response {
   "sessionId": "8db28f954fc5e76a337d941e8c565ee3",
   "status": 0,
   "value": {
      "ELEMENT": ":wdc:1355953706010"
   }
}

[13.112][FINE]:     Command received (/session/8db28f954fc5e76a337d941e8c565ee3/element/:wdc:1355953706010/name)
[13.112][FINER]:    Waiting for all views to stop loading...
[13.112][FINER]:    Done waiting for all views to stop loading
[13.117][FINER]:    Waiting for all views to stop loading...
[13.117][FINER]:    Done waiting for all views to stop loading
[13.117][FINE]:     Command finished (/session/8db28f954fc5e76a337d941e8c565ee3/element/:wdc:1355953706010/name) with response {
   "sessionId": "8db28f954fc5e76a337d941e8c565ee3",
   "status": 0,
   "value": "div"
}

[13.119][FINE]:     Command received (/session/8db28f954fc5e76a337d941e8c565ee3)
[13.915][INFO]:     Chrome shutdown
