0 info it worked if it ends with ok
1 verbose cli [ 'node', '/usr/local/bin/npm', 'install', 'libjpeg' ]
2 info using npm@1.3.7
3 info using node@v0.10.15
4 verbose node symlink /usr/local/bin/node
5 verbose cache add [ 'libjpeg', null ]
6 verbose cache add name=undefined spec="libjpeg" args=["libjpeg",null]
7 verbose parsed url { protocol: null,
7 verbose parsed url   slashes: null,
7 verbose parsed url   auth: null,
7 verbose parsed url   host: null,
7 verbose parsed url   port: null,
7 verbose parsed url   hostname: null,
7 verbose parsed url   hash: null,
7 verbose parsed url   search: null,
7 verbose parsed url   query: null,
7 verbose parsed url   pathname: 'libjpeg',
7 verbose parsed url   path: 'libjpeg',
7 verbose parsed url   href: 'libjpeg' }
8 silly lockFile c6667d7a-libjpeg libjpeg
9 verbose lock libjpeg /Users/admin/.npm/c6667d7a-libjpeg.lock
10 silly lockFile c6667d7a-libjpeg libjpeg
11 silly lockFile c6667d7a-libjpeg libjpeg
12 verbose addNamed [ 'libjpeg', '' ]
13 verbose addNamed [ null, '*' ]
14 silly lockFile dff0e160-libjpeg libjpeg@
15 verbose lock libjpeg@ /Users/admin/.npm/dff0e160-libjpeg.lock
16 silly addNameRange { name: 'libjpeg', range: '*', hasData: false }
17 verbose url raw libjpeg
18 verbose url resolving [ 'https://registry.npmjs.org/', './libjpeg' ]
19 verbose url resolved https://registry.npmjs.org/libjpeg
20 info trying registry request attempt 1 at 10:07:10
21 http GET https://registry.npmjs.org/libjpeg
22 http 404 https://registry.npmjs.org/libjpeg
23 silly registry.get cb [ 404,
23 silly registry.get   { server: 'CouchDB/1.3.0 (Erlang OTP/R15B03)',
23 silly registry.get     date: 'Tue, 20 Aug 2013 14:07:11 GMT',
23 silly registry.get     'content-type': 'application/json',
23 silly registry.get     'content-length': '52',
23 silly registry.get     'cache-control': 'must-revalidate' } ]
24 silly lockFile dff0e160-libjpeg libjpeg@
25 silly lockFile dff0e160-libjpeg libjpeg@
26 error 404 'libjpeg' is not in the npm registry.
26 error 404 You should bug the author to publish it
26 error 404
26 error 404 Note that you can also install from a
26 error 404 tarball, folder, or http url, or git url.
27 error System Darwin 12.4.0
28 error command "node" "/usr/local/bin/npm" "install" "libjpeg"
29 error cwd /Users/admin/Desktop/VE/scb2/starcellbio_html
30 error node -v v0.10.15
31 error npm -v 1.3.7
32 error code E404
33 verbose exit [ 1, true ]
